We have 71211 sources and 22826 sinks
================ SOURCES ================
51530	<java.lang.StringBuilder: java.lang.String toString()>
5512	<java.lang.StringBuffer: java.lang.String toString()>
2929	<java.lang.Object: java.lang.String toString()>
510	<java.security.MessageDigest: java.security.MessageDigest getInstance(java.lang.String)>
450	<java.lang.Integer: int intValue()>
434	<java.lang.Throwable: java.lang.String getMessage()>
424	<android.os.Parcel: android.os.Parcel obtain()>
346	<gnu.mapping.WrappedException: java.lang.String getMessage()>
307	<android.content.Context: java.lang.Object getSystemService(java.lang.String)>
282	<java.lang.Runtime: java.lang.Runtime getRuntime()>
227	<java.lang.Exception: java.lang.String getMessage()>
223	<java.lang.Exception: java.lang.String toString()>
213	<java.lang.reflect.InvocationTargetException: java.lang.Throwable getTargetException()>
196	<android.content.ContextWrapper: android.content.Context getBaseContext()>
188	<android.content.Intent: int getIntExtra(java.lang.String,int)>
186	<java.io.DataInputStream: java.lang.String readUTF()>
184	<android.util.Log: java.lang.String getStackTraceString(java.lang.Throwable)>
177	<java.util.ArrayList: int size()>
169	<android.content.Context: android.content.Context getApplicationContext()>
168	<java.lang.Throwable: java.lang.String toString()>
154	<android.content.Context: android.content.ContentResolver getContentResolver()>
148	<android.os.Bundle: android.os.Bundle getBundle(java.lang.String)>
143	<android.app.Notification$Builder: android.app.Notification build()>
135	<java.lang.RuntimeException: java.lang.String getMessage()>
120	<java.lang.Number: int intValue()>
119	<android.content.ContextWrapper: android.content.res.Resources getResources()>
118	<android.content.pm.Signature: byte[] toByteArray()>
116	<java.lang.String: java.lang.String valueOf(long)>
112	<android.content.Intent: java.io.Serializable getSerializableExtra(java.lang.String)>
109	<android.view.Window: android.view.Window$Callback getCallback()>
106	<org.json.JSONException: java.lang.String getMessage()>
106	<java.net.HttpURLConnection: java.io.OutputStream getOutputStream()>
103	<android.app.Notification$Builder: android.app.Notification$Builder setSubText(java.lang.CharSequence)>
100	<android.database.sqlite.SQLiteDatabase: void setVersion(int)>
100	<java.util.Date: long getTime()>
99	<tw.idv.eg.android.myhealth.MyDBHelper: android.database.sqlite.SQLiteDatabase getReadableDatabase()>
98	<android.content.Intent: android.net.Uri getData()>
92	<java.util.List: int size()>
88	<java.util.UUID: java.lang.String toString()>
86	<java.lang.String: java.lang.String valueOf(int)>
83	<java.lang.System: java.lang.String getProperty(java.lang.String)>
83	<gnu.text.Path: java.lang.String toString()>
81	<java.lang.Object: java.lang.Class getClass()>
81	<java.lang.String: java.lang.String valueOf(java.lang.Object)>
80	<java.io.Writer: void flush()>
78	<android.app.Activity: void onCreateContextMenu(android.view.ContextMenu,android.view.View,android.view.ContextMenu$ContextMenuInfo)>
76	<java.lang.Class: java.lang.ClassLoader getClassLoader()>
75	<android.content.res.Resources: int getIdentifier(java.lang.String,java.lang.String,java.lang.String)>
74	<java.lang.Throwable: java.lang.String getLocalizedMessage()>
72	<java.io.IOException: java.lang.String getMessage()>
70	<android.app.Activity: int getRequestedOrientation()>
67	<android.os.Bundle: int getInt(java.lang.String)>
64	<android.os.Bundle: float[] getFloatArray(java.lang.String)>
57	<java.net.URL: java.lang.String toString()>
57	<java.io.StringWriter: java.lang.String toString()>
55	<java.net.URI: java.lang.String toString()>
50	<java.io.File: java.lang.String getName()>
50	<java.lang.CharSequence: java.lang.String toString()>
48	<android.os.Bundle: java.io.Serializable getSerializable(java.lang.String)>
44	<java.lang.ClassLoader: java.net.URL getResource(java.lang.String)>
44	<android.net.Uri: android.net.Uri fromFile(java.io.File)>
44	<android.app.Activity: android.view.Window getWindow()>
43	<android.widget.ListView: void setAdapter(android.widget.ListAdapter)>
43	<android.view.Window$Callback: void onProvideKeyboardShortcuts(java.util.List,android.view.Menu,int)>
41	<java.io.Writer: void write(char[])>
40	<java.net.URI: java.lang.String getAuthority()>
40	<java.lang.IllegalArgumentException: java.lang.String getLocalizedMessage()>
40	<android.service.notification.StatusBarNotification: int getId()>
40	<java.net.URI: java.lang.String getQuery()>
40	<java.lang.IllegalAccessException: java.lang.String getLocalizedMessage()>
40	<android.text.format.Formatter: java.lang.String formatIpAddress(int)>
40	<java.util.Calendar: java.util.Calendar getInstance()>
40	<java.net.URI: java.lang.String getUserInfo()>
40	<java.net.URI: java.lang.String getPath()>
40	<java.net.URI: java.lang.String getScheme()>
40	<java.lang.NoSuchFieldException: java.lang.String getLocalizedMessage()>
40	<java.net.URI: java.lang.String getHost()>
40	<java.net.URI: java.lang.String getFragment()>
39	<android.database.sqlite.SQLiteOpenHelper: android.database.sqlite.SQLiteDatabase getReadableDatabase()>
37	<android.net.Uri: java.lang.String toString()>
37	<java.util.Collections: java.util.List emptyList()>
37	<java.lang.reflect.InvocationTargetException: java.lang.Throwable getCause()>
36	<java.io.File: java.lang.String toString()>
36	<android.telephony.SmsManager: android.telephony.SmsManager getDefault()>
36	<java.lang.Error: java.lang.String getMessage()>
35	<android.os.Handler: void handleMessage(android.os.Message)>
35	<java.lang.Throwable: java.lang.Throwable getCause()>
33	<android.app.Notification$Builder: android.app.Notification getNotification()>
31	<android.content.Context: java.lang.String getPackageName()>
29	<java.io.File: java.lang.String getAbsolutePath()>
29	<java.lang.Class: java.lang.Class getComponentType()>
29	<android.content.res.Resources: android.util.DisplayMetrics getDisplayMetrics()>
28	<java.lang.Exception: java.lang.Throwable fillInStackTrace()>
28	<java.lang.Exception: java.lang.String getLocalizedMessage()>
28	<android.content.res.Resources: java.lang.String getResourcePackageName(int)>
28	<java.util.concurrent.CancellationException: java.lang.Throwable fillInStackTrace()>
27	<com.applovin.impl.sdk.d.c$c: void clear()>
27	<android.os.Bundle: java.util.ArrayList getStringArrayList(java.lang.String)>
26	<android.content.res.Resources: java.lang.String getResourceEntryName(int)>
26	<android.app.Activity: android.content.Context getApplicationContext()>
26	<android.content.res.Resources: java.lang.String getResourceTypeName(int)>
25	<java.net.HttpURLConnection: int getResponseCode()>
23	<com.facebook.FacebookException: java.lang.String getMessage()>
23	<java.security.KeyStore: java.security.KeyStore getInstance(java.lang.String)>
22	<android.net.Uri$Builder: android.net.Uri build()>
22	<android.telephony.TelephonyManager: void listen(android.telephony.PhoneStateListener,int)>
22	<android.view.View: android.content.Context getContext()>
21	<android.util.Base64: java.lang.String encodeToString(byte[],int)>
20	<o.CkEmail_ClearBcc: java.lang.String getMessage()>
20	<android.hardware.Camera: android.hardware.Camera open()>
19	<android.content.res.Resources: android.graphics.drawable.Drawable getDrawable(int)>
19	<android.preference.PreferenceManager: android.content.SharedPreferences getDefaultSharedPreferences(android.content.Context)>
18	<android.content.Context: android.database.sqlite.SQLiteDatabase openOrCreateDatabase(java.lang.String,int,android.database.sqlite.SQLiteDatabase$CursorFactory)>
17	<android.os.Bundle: android.util.SparseArray getSparseParcelableArray(java.lang.String)>
17	<android.view.ViewGroup: android.content.Context getContext()>
17	<javax.net.ssl.HttpsURLConnection: java.io.OutputStream getOutputStream()>
17	<javax.crypto.Cipher: javax.crypto.Cipher getInstance(java.lang.String)>
16	<android.app.Activity: void onRequestPermissionsResult(int,java.lang.String[],int[])>
16	<javax.crypto.Mac: javax.crypto.Mac getInstance(java.lang.String)>
16	<com.yandex.metrica.impl.ob.bo: android.database.sqlite.SQLiteDatabase getReadableDatabase()>
16	<com.dreamsecurity.magicxsign.a$a: android.database.sqlite.SQLiteDatabase getReadableDatabase()>
16	<android.telephony.SmsManager: android.telephony.SmsManager getSmsManagerForSubscriptionId(int)>
16	<android.os.Bundle: byte[] getByteArray(java.lang.String)>
16	<java.io.UnsupportedEncodingException: java.lang.String getMessage()>
16	<android.app.AlertDialog$Builder: android.app.AlertDialog create()>
15	<java.io.OutputStreamWriter: void flush()>
15	<android.app.KeyguardManager: android.content.Intent createConfirmDeviceCredentialIntent(java.lang.CharSequence,java.lang.CharSequence)>
15	<android.os.ParcelFileDescriptor: long getStatSize()>
15	<android.widget.TableLayout: void addView(android.view.View)>
14	<android.app.Activity: void showDialog(int)>
14	<c.s.m.a.csmaBA: java.lang.Object getSystemService(java.lang.String)>
14	<java.net.URL: java.net.URI toURI()>
14	<android.location.LocationManager: void requestLocationUpdates(java.lang.String,long,float,android.location.LocationListener)>
13	<android.app.Activity: android.content.ContentResolver getContentResolver()>
13	<android.app.Activity: java.lang.Object getSystemService(java.lang.String)>
13	<android.provider.Settings$Secure: java.lang.String getString(android.content.ContentResolver,java.lang.String)>
13	<java.lang.String: java.lang.String toString()>
13	<java.lang.Class: java.lang.Class getSuperclass()>
12	<android.content.Intent: long getLongExtra(java.lang.String,long)>
12	<android.app.Activity: java.lang.Object getLastNonConfigurationInstance()>
12	<java.net.URLConnection: java.io.OutputStream getOutputStream()>
12	<android.database.sqlite.SQLiteException: java.lang.String toString()>
11	<android.content.ComponentName: java.lang.String getPackageName()>
11	<androidx.appcompat.widget.Toolbar: android.content.Context getContext()>
10	<java.util.Date: int getMinutes()>
10	<android.graphics.drawable.Icon: android.net.Uri getUri()>
10	<androidx.fragment.app.FragmentActivity: java.lang.Object getLastNonConfigurationInstance()>
9	<android.telephony.TelephonyManager: java.lang.String getDeviceId()>
9	<android.app.Application: android.content.Context getApplicationContext()>
9	<java.lang.Package: java.lang.Package getPackage(java.lang.String)>
9	<java.lang.NoSuchMethodException: java.lang.String getMessage()>
9	<android.app.Fragment: android.app.Activity getActivity()>
9	<com.hexionic.fartsoundsringtones.FullscreenActivity: android.content.Context getApplicationContext()>
9	<java.lang.Integer: java.lang.String toString()>
8	<android.app.PendingIntent: android.content.IntentSender getIntentSender()>
8	<android.location.LocationManager: android.location.Location getLastKnownLocation(java.lang.String)>
8	<android.os.Bundle: java.util.ArrayList getParcelableArrayList(java.lang.String)>
8	<android.location.Location: long getElapsedRealtimeNanos()>
8	<android.os.Looper: android.os.Looper getMainLooper()>
8	<android.content.Context: java.lang.CharSequence getText(int)>
7	<java.lang.Thread: java.lang.ClassLoader getContextClassLoader()>
7	<java.io.IOException: java.lang.String toString()>
7	<android.os.Environment: java.io.File getExternalStorageDirectory()>
7	<android.media.AudioManager: int getStreamVolume(int)>
7	<java.util.concurrent.atomic.AtomicInteger: int get()>
6	<tw.idv.eg.android.savedimes.MyDBHelper: android.database.sqlite.SQLiteDatabase getReadableDatabase()>
6	<java.lang.Long: java.lang.String toString()>
6	<android.app.AlertDialog$Builder: android.app.AlertDialog show()>
6	<android.os.Process: int myPid()>
6	<android.animation.AnimatorListenerAdapter: void onAnimationEnd(android.animation.Animator)>
6	<java.util.LinkedHashMap: void clear()>
6	<android.os.Message: void setData(android.os.Bundle)>
6	<androidx.appcompat.view.WindowCallbackWrapper: void onProvideKeyboardShortcuts(java.util.List,android.view.Menu,int)>
6	<android.content.Intent: java.lang.String getType()>
6	<org.json.JSONException: java.lang.String toString()>
6	<androidx.appcompat.app.AppCompatActivity: void onCreateContextMenu(android.view.ContextMenu,android.view.View,android.view.ContextMenu$ContextMenuInfo)>
6	<android.content.ContentResolver: java.io.OutputStream openOutputStream(android.net.Uri)>
6	<android.database.sqlite.SQLiteDatabase: android.database.Cursor query(java.lang.String,java.lang.String[],java.lang.String,java.lang.String[],java.lang.String,java.lang.String,java.lang.String)>
6	<android.os.Environment: java.io.File getExternalStoragePublicDirectory(java.lang.String)>
6	<android.graphics.Typeface: android.graphics.Typeface create(java.lang.String,int)>
6	<java.io.BufferedReader: java.lang.String readLine()>
6	<android.os.Process: int myUid()>
5	<com.mts.cert.MTSCertPasswd: android.content.Context getApplicationContext()>
5	<java.util.Date: int getHours()>
5	<android.view.KeyEvent: long getEventTime()>
5	<android.app.ActivityOptions: android.os.Bundle toBundle()>
5	<android.bluetooth.BluetoothManager: android.bluetooth.BluetoothAdapter getAdapter()>
5	<java.util.concurrent.ThreadPoolExecutor: void shutdown()>
5	<java.net.HttpURLConnection: java.lang.String getResponseMessage()>
5	<android.net.Uri: java.lang.String getQueryParameter(java.lang.String)>
5	<java.lang.String: java.lang.String valueOf(float)>
5	<com.hexionic.naturewallpapers.FullscreenActivity: android.content.ContentResolver getContentResolver()>
4	<com.mts.cert.MTSCertMgmt: void showDialog(int)>
4	<android.widget.AdapterView: java.lang.Object getItemAtPosition(int)>
4	<org.telegram.SQLite.SQLiteException: java.lang.String getMessage()>
4	<android.widget.EditText: int getSelectionStart()>
4	<android.app.Application: java.lang.CharSequence getText(int)>
4	<java.util.ResourceBundle: java.lang.String getString(java.lang.String)>
4	<android.app.Service: void onDestroy()>
4	<com.badlogic.gdx.utils.StringBuilder: java.lang.String toString()>
4	<android.view.ViewGroup: int getMeasuredWidth()>
4	<java.io.FileInputStream: java.io.FileDescriptor getFD()>
4	<android.os.Bundle: java.lang.CharSequence getCharSequence(java.lang.String)>
4	<android.content.Intent: java.lang.String getAction()>
4	<android.content.Intent: short getShortExtra(java.lang.String,short)>
4	<android.webkit.WebViewClient: void onPageFinished(android.webkit.WebView,java.lang.String)>
4	<kr.co.samsungcard.mpocket.view.activity.common.ApcBaseActivity: java.lang.Object getSystemService(java.lang.String)>
4	<io.presage.interstitial.ui.InterstitialActivity: android.app.Application getApplication()>
4	<android.support.v7.app.AppCompatActivity: void onRequestPermissionsResult(int,java.lang.String[],int[])>
4	<android.app.LocalActivityManager: java.lang.String getCurrentId()>
4	<android.telephony.TelephonyManager: java.lang.String getLine1Number()>
4	<com.hive.push.fcm.MessagingService: android.content.Context getBaseContext()>
4	<java.lang.StackTraceElement: java.lang.String toString()>
4	<android.database.sqlite.SQLiteDatabase: android.database.sqlite.SQLiteDatabase openOrCreateDatabase(java.lang.String,android.database.sqlite.SQLiteDatabase$CursorFactory)>
4	<com.callgate.launcher.view.LauncherWebView: void showDialog(int)>
4	<java.util.concurrent.RejectedExecutionException: java.lang.String toString()>
3	<javax.crypto.SecretKey: byte[] getEncoded()>
3	<java.net.URLConnection: java.util.Map getHeaderFields()>
3	<java.net.InetAddress: java.net.InetAddress getByName(java.lang.String)>
3	<com.helpshift.db.conversation.ConversationDBHelper: android.database.sqlite.SQLiteDatabase getReadableDatabase()>
3	<com.mymateapps.fishing.LicenceDetail: android.content.Context getApplicationContext()>
3	<java.security.KeyStore: void load(java.io.InputStream,char[])>
3	<androidx.activity.ComponentActivity: java.lang.Object getLastNonConfigurationInstance()>
3	<java.lang.reflect.Field: java.lang.String getName()>
3	<java.io.FileNotFoundException: java.lang.String getMessage()>
3	<java.text.ParseException: java.lang.String getMessage()>
3	<android.app.Activity: android.content.Context getBaseContext()>
3	<com.retro.retrobox.SecondActivity: android.content.Context getApplicationContext()>
3	<android.content.res.Resources: float getDimension(int)>
3	<java.util.logging.Logger: java.util.logging.Logger getAnonymousLogger()>
3	<java.lang.NullPointerException: java.lang.String getMessage()>
3	<java.util.TimeZone: java.util.TimeZone getTimeZone(java.lang.String)>
3	<org.xml.sax.InputSource: java.lang.String getSystemId()>
3	<java.text.MessageFormat: java.lang.String format(java.lang.String,java.lang.Object[])>
3	<org.xml.sax.InputSource: java.lang.String getPublicId()>
3	<com.applovin.impl.sdk.c.c$c: void clear()>
3	<android.webkit.WebView: android.content.Context getContext()>
3	<android.view.VelocityTracker: float getXVelocity(int)>
3	<es.nebulacodex.horarios.vistas.SelectorVistas: android.content.Context getContext()>
3	<android.content.pm.PackageManager$NameNotFoundException: java.lang.String toString()>
3	<android.view.VelocityTracker: float getYVelocity(int)>
3	<com.inzisoft.ui.CameraPreviewActivity: android.content.ContentResolver getContentResolver()>
3	<java.lang.IllegalArgumentException: java.lang.String getMessage()>
3	<java.nio.charset.Charset: java.nio.charset.Charset forName(java.lang.String)>
3	<androidx.fragment.app.FragmentActivity: android.content.Context getApplicationContext()>
3	<android.os.Looper: android.os.Looper myLooper()>
3	<android.os.Parcel: byte[] marshall()>
3	<android.os.Parcel: java.lang.String readString()>
2	<java.lang.ClassNotFoundException: java.lang.String getMessage()>
2	<com.sobatku.mb.component.Gallery_Activity: int getSelectedItemPosition()>
2	<java.io.IOException: java.lang.String getLocalizedMessage()>
2	<java.security.NoSuchAlgorithmException: java.lang.String getMessage()>
2	<java.util.HashMap: int size()>
2	<java.io.UnsupportedEncodingException: java.lang.String getLocalizedMessage()>
2	<tw.idv.eg.android.myhealth.Chart4: android.content.Context getBaseContext()>
2	<android.widget.ImageView: android.graphics.drawable.Drawable getDrawable()>
2	<android.content.ContextWrapper: android.content.Context getApplicationContext()>
2	<java.lang.InstantiationException: java.lang.String getMessage()>
2	<tw.idv.eg.android.myhealth.Chart8: android.content.Context getBaseContext()>
2	<com.mojang.minecraftpe.MainActivity: android.content.ContentResolver getContentResolver()>
2	<java.lang.StackTraceElement: java.lang.String getFileName()>
2	<co.kitetech.diary.activity.AttachmentsActivity: android.content.ContentResolver getContentResolver()>
2	<tw.idv.eg.android.myhealth.Chart9: android.content.Context getBaseContext()>
2	<java.lang.IllegalAccessException: java.lang.String getMessage()>
2	<tw.idv.eg.android.myhealth.ChartB: android.content.Context getBaseContext()>
2	<tw.idv.eg.android.myhealth.ChartA: android.content.Context getBaseContext()>
2	<java.net.URL: java.lang.String getQuery()>
2	<android.view.MotionEvent: float getX(int)>
2	<java.util.HashSet: int size()>
2	<java.net.HttpCookie: java.lang.String getPath()>
2	<java.lang.Throwable: java.lang.Throwable fillInStackTrace()>
2	<android.bluetooth.BluetoothAdapter: android.bluetooth.le.BluetoothLeScanner getBluetoothLeScanner()>
2	<com.chillingo.libterms.ui.TermsActivity: android.content.Context getApplicationContext()>
2	<com.inzisoft.mobile.recogdemo.all.studio.ui.idcard.CameraPreviewActivity: android.content.ContentResolver getContentResolver()>
2	<com.com2us.module.fcm.MessagingService: android.content.Context getApplicationContext()>
2	<java.lang.Boolean: java.lang.String toString()>
2	<com.retro.retrobox.c.b$a: android.database.sqlite.SQLiteDatabase getReadableDatabase()>
2	<org.telegram.ui.LaunchActivity: android.content.ContentResolver getContentResolver()>
2	<android.os.ParcelUuid: android.os.ParcelUuid fromString(java.lang.String)>
2	<tw.idv.eg.android.myhealth.Chart7: android.content.Context getBaseContext()>
2	<java.util.Map: int size()>
2	<java.lang.CloneNotSupportedException: java.lang.String getMessage()>
2	<android.content.Context: android.content.res.Resources getResources()>
2	<android.app.Dialog: android.view.Window getWindow()>
2	<android.support.v7.widget.RecyclerView: android.content.Context getContext()>
2	<com.hitchtechnologies.hitch.modules.referrals.ContactsViewActivity: android.content.Context getApplicationContext()>
2	<java.lang.Class: java.lang.reflect.Method getDeclaredMethod(java.lang.String,java.lang.Class[])>
2	<io.presage.mraid.browser.ShortcutActivity: android.content.Context getApplicationContext()>
2	<android.view.ViewConfiguration: int getScaledTouchSlop()>
2	<tw.idv.eg.android.myhealth.Chart5: android.content.Context getBaseContext()>
2	<android.app.Activity: android.content.pm.ApplicationInfo getApplicationInfo()>
2	<kr.co.daou.isa.App: android.content.Context getApplicationContext()>
2	<java.lang.System: java.lang.String getenv(java.lang.String)>
2	<tw.idv.eg.android.myhealth.ChartD: android.content.Context getBaseContext()>
2	<android.content.Context: android.content.Context createConfigurationContext(android.content.res.Configuration)>
2	<android.os.RemoteException: java.lang.String getMessage()>
2	<com.com2us.module.push.PushWakeLock: android.content.Context getApplicationContext()>
2	<eu.janmuller.android.simplecropimage.CropImage: android.content.ContentResolver getContentResolver()>
2	<android.os.Bundle: java.util.ArrayList getIntegerArrayList(java.lang.String)>
2	<ryxq.all: android.database.sqlite.SQLiteDatabase getReadableDatabase()>
2	<android.content.pm.PackageManager$NameNotFoundException: java.lang.String getMessage()>
2	<javax.crypto.Mac: javax.crypto.Mac getInstance(java.lang.String,java.security.Provider)>
2	<androidx.core.app.ComponentActivity: void onRequestPermissionsResult(int,java.lang.String[],int[])>
2	<android.app.Application: android.content.ContentResolver getContentResolver()>
2	<java.lang.RuntimeException: java.lang.String toString()>
2	<com.softsecurity.transkey.TransKeyView: android.content.Context getContext()>
2	<java.net.HttpCookie: java.lang.String getDomain()>
2	<java.net.HttpCookie: java.lang.String getPortlist()>
2	<java.lang.ClassNotFoundException: java.lang.String toString()>
2	<o.bS: android.content.Context getContext()>
2	<com.bugsnag.android.BugsnagException: java.lang.String getLocalizedMessage()>
2	<tw.idv.eg.android.myhealth.Chart6: android.content.Context getBaseContext()>
2	<java.math.BigInteger: java.lang.String toString()>
2	<com.ironsource.eventsmodule.DataBaseEventsStorage: android.database.sqlite.SQLiteDatabase getReadableDatabase()>
2	<java.lang.InterruptedException: java.lang.String toString()>
2	<java.lang.StackTraceElement: java.lang.String getClassName()>
2	<androidx.appcompat.widget.AppCompatImageButton: android.content.Context getContext()>
2	<o.eK: void onRequestPermissionsResult(int,java.lang.String[],int[])>
2	<java.io.BufferedWriter: void flush()>
2	<android.widget.EditText: android.content.Context getContext()>
2	<java.lang.ReflectiveOperationException: java.lang.String getMessage()>
2	<com.softsecurity.transkey.TransKeyActivity: java.lang.String getPackageName()>
2	<android.nfc.NfcAdapter: android.nfc.NfcAdapter getDefaultAdapter(android.content.Context)>
1	<android.content.Context: java.io.File getExternalFilesDir(java.lang.String)>
1	<android.os.ParcelFileDescriptor: java.io.FileDescriptor getFileDescriptor()>
1	<java.lang.reflect.InvocationTargetException: java.lang.String getMessage()>
1	<com.runrev.android.NotificationModule$DBHelper: android.database.sqlite.SQLiteDatabase getReadableDatabase()>
1	<android.content.res.Resources: android.content.res.Configuration getConfiguration()>
1	<com.hexionic.fartsoundsringtones.FullscreenActivity: android.content.ContentResolver getContentResolver()>
1	<java.io.File: long lastModified()>
1	<com.topimagesystems.controllers.imageanalyze.CameraManagerController: android.content.Context getBaseContext()>
1	<app.uk.co.incase.medwaylaw.MessageActivity: android.content.Context getApplicationContext()>
1	<java.io.ByteArrayOutputStream: java.lang.String toString()>
1	<java.text.ParseException: java.lang.String toString()>
1	<c.s.m.a.csmamqMQGQSA: android.content.ContentResolver getContentResolver()>
1	<android.view.MotionEvent: int getAction()>
1	<java.lang.NoSuchFieldException: java.lang.String getMessage()>
1	<android.view.ViewGroup: void removeAllViews()>
1	<java.util.concurrent.ScheduledThreadPoolExecutor: java.util.concurrent.ScheduledFuture scheduleAtFixedRate(java.lang.Runnable,long,long,java.util.concurrent.TimeUnit)>
1	<android.content.ContextWrapper: android.content.ContentResolver getContentResolver()>
1	<com.google.android.gms.common.GooglePlayServicesRepairableException: java.lang.String getMessage()>
1	<android.content.pm.PackageManager$NameNotFoundException: java.lang.Throwable fillInStackTrace()>
1	<android.app.Dialog: android.content.Context getContext()>
1	<o.JS: android.content.ContentResolver getContentResolver()>
1	<java.lang.Throwable: java.lang.StackTraceElement[] getStackTrace()>
1	<android.content.Context: android.content.Context createDeviceProtectedStorageContext()>
1	<java.security.GeneralSecurityException: java.lang.String getMessage()>
1	<java.lang.NoSuchMethodError: java.lang.String toString()>
1	<com.tencent.tmgp.cod.CODMPrivatePermissionActivity: android.content.res.Resources getResources()>
1	<java.lang.Thread: java.lang.Thread$UncaughtExceptionHandler getDefaultUncaughtExceptionHandler()>
1	<tw.idv.eg.android.myhealth.Chart3: android.content.Context getBaseContext()>
1	<android.os.IBinder: android.os.IInterface queryLocalInterface(java.lang.String)>
1	<java.io.IOException: java.lang.Throwable fillInStackTrace()>
1	<android.content.Intent: java.lang.String toString()>
1	<com.lotusflare.dataeyesdk.ax: android.content.Context getContext()>
1	<com.samsungcard.shopping.ui.ShpActivity: android.app.Application getApplication()>
1	<android.media.MediaExtractor: android.media.MediaFormat getTrackFormat(int)>
1	<com.mts.cert.MTSCertIssue: android.content.Context getApplicationContext()>
1	<java.util.Properties: java.lang.String getProperty(java.lang.String)>
1	<java.util.Arrays: java.lang.String toString(byte[])>
1	<android.media.AudioManager: boolean isSpeakerphoneOn()>
1	<customview.CustomEditText: android.content.Context getContext()>
1	<android.media.AudioTrack: int getPlaybackHeadPosition()>
1	<javax.crypto.BadPaddingException: java.lang.String getMessage()>
1	<java.lang.RuntimeException: java.lang.StackTraceElement[] getStackTrace()>
1	<android.content.ContentResolver: android.os.Bundle call(android.net.Uri,java.lang.String,java.lang.String,android.os.Bundle)>
1	<java.net.InetAddress: byte[] getAddress()>
1	<net.inverline.bancosabadell.officelocator.android.sab.ui.wizard.activity.BSMWizardPaginatedActivity: android.content.Context getBaseContext()>
1	<tw.idv.eg.android.myhealth.MainActivity: android.content.Context getBaseContext()>
1	<java.lang.SecurityException: java.lang.String toString()>
1	<kr.co.samsungcard.mpocket.view.activity.main.ApcAppMainActivity: java.lang.Object getSystemService(java.lang.String)>
1	<java.net.HttpURLConnection: java.util.Map getHeaderFields()>
1	<net.callrecording.app.CallIntercptService: android.content.Context getBaseContext()>
1	<com.hsbc.activities.LoadingActivity: void showDialog(int)>
1	<com.filestack.android.internal.UploadService: android.content.ContentResolver getContentResolver()>
1	<java.util.Formatter: java.lang.String toString()>
1	<android.location.LocationManager: boolean isProviderEnabled(java.lang.String)>
1	<com.retro.retrobox.TopActivity: java.lang.Object getSystemService(java.lang.String)>
1	<com.hexionic.naturewallpapers.FullscreenActivity: android.content.Context getApplicationContext()>
1	<androidx.fragment.app.FragmentActivity: android.content.res.Resources getResources()>
1	<android.widget.FrameLayout: android.content.Context getContext()>
1	<com.google.android.gms.common.GooglePlayServicesNotAvailableException: java.lang.String getMessage()>
1	<c.s.m.a.csmappMPA: android.content.Context getApplicationContext()>
1	<com.jwetherell.quick_response_code.DecoderActivity: android.app.Application getApplication()>
1	<javax.crypto.Cipher: byte[] getIV()>
1	<java.net.MalformedURLException: java.lang.String getMessage()>
1	<java.security.InvalidAlgorithmParameterException: java.lang.String getMessage()>
1	<com.cakedragonvpn.net.activities.ConfigImportFileActivity: android.content.ContentResolver getContentResolver()>
1	<c.s.m.a.csmaBRA: android.content.ContentResolver getContentResolver()>
1	<tw.idv.eg.android.myhealth.Chart2: android.content.Context getBaseContext()>
1	<java.util.Stack: java.lang.String toString()>
1	<com.cakedragonvpn.net.CakeDragonV42MainActivity: java.lang.Object getSystemService(java.lang.String)>
1	<kr.co.samsungcard.mpocket.view.activity.scraping.QuickScreeningActivity: android.content.Context getApplicationContext()>
1	<com.tencent.tmgp.cod.CODMPrivatePermissionActivity: java.lang.String getPackageName()>
1	<java.lang.System: java.lang.String getProperty(java.lang.String,java.lang.String)>
1	<com.mts.cert.MTSCertLogon: android.content.Context getApplicationContext()>
1	<com.retro.retrobox.FileDecActivity: java.lang.Object getSystemService(java.lang.String)>
1	<java.util.UUID: java.util.UUID randomUUID()>
1	<android.content.res.Resources: java.lang.CharSequence getText(int)>
1	<kr.co.samsungcard.mpocket.view.activity.ocr.SelvyOCRActivity: android.content.Context getApplicationContext()>
1	<javax.crypto.NoSuchPaddingException: java.lang.String getMessage()>
1	<com.google.gson.JsonParseException: java.lang.String toString()>
1	<com.samsungcard.shopping.common.ShpApplication: java.lang.String getPackageName()>
1	<android.widget.ImageButton: android.content.Context getContext()>
1	<androidx.appcompat.widget.ActionBarContextView: android.content.Context getContext()>
1	<c.s.m.a.csmadCPD: android.content.Context getApplicationContext()>
1	<o.CkHttpRequest_GenerateRequestText$read: android.database.sqlite.SQLiteDatabase getReadableDatabase()>
1	<com.ljoy.chatbot.db.FaqsDBHelper: android.database.sqlite.SQLiteDatabase getReadableDatabase()>
1	<java.lang.NoSuchMethodException: java.lang.String toString()>
1	<app.uk.co.incase.thomaslegal.MessageActivity: android.content.Context getApplicationContext()>
1	<com.google.gson.JsonSyntaxException: java.lang.String toString()>
1	<o.setQuery: void onRequestPermissionsResult(int,java.lang.String[],int[])>
1	<java.lang.reflect.InvocationTargetException: java.lang.String toString()>
1	<java.lang.IllegalArgumentException: java.lang.Throwable fillInStackTrace()>
1	<android.support.v4.app.FragmentActivity: void onRequestPermissionsResult(int,java.lang.String[],int[])>
1	<com.duowan.kiwi.listframe.BaseListFragment: boolean getUserVisibleHint()>
1	<com.lyd.bubble.AndroidLauncher: android.content.Context getApplicationContext()>
1	<android.content.IntentFilter$MalformedMimeTypeException: java.lang.String getLocalizedMessage()>
1	<javax.crypto.IllegalBlockSizeException: java.lang.String getMessage()>
1	<com.bugsee.library.RequestPermissionsActivity: java.lang.Object getSystemService(java.lang.String)>
1	<c.s.m.a.csmcIPA: android.content.Context getApplicationContext()>
1	<java.util.Locale: java.lang.String toString()>
1	<java.net.HttpURLConnection: int getContentLength()>
1	<java.security.SecureRandom: byte[] generateSeed(int)>
1	<android.content.res.AssetFileDescriptor: java.io.FileDescriptor getFileDescriptor()>
1	<android.app.Service: android.app.Application getApplication()>
1	<com.duowan.ark.ui.BaseFragment: boolean getUserVisibleHint()>
1	<com.retro.retrobox.SecondActivity: java.lang.Object getSystemService(java.lang.String)>
1	<android.widget.Scroller: int getCurrX()>
1	<com.hsbc.activities.AcceptanceActivity: void showDialog(int)>
1	<android.content.Intent: android.os.Parcelable[] getParcelableArrayExtra(java.lang.String)>
1	<tw.idv.eg.android.myhealth.ChartCqry: android.content.Context getBaseContext()>
1	<java.lang.SecurityException: java.lang.Throwable fillInStackTrace()>
1	<com.deltadna.android.sdk.DatabaseHelper: android.database.sqlite.SQLiteDatabase getReadableDatabase()>
1	<android.database.sqlite.SQLiteDatabase: android.database.Cursor query(java.lang.String,java.lang.String[],java.lang.String,java.lang.String[],java.lang.String,java.lang.String,java.lang.String,java.lang.String)>
1	<android.net.LocalSocket: void connect(android.net.LocalSocketAddress)>
1	<com.retro.retrobox.a$a: android.database.sqlite.SQLiteDatabase getReadableDatabase()>
1	<android.content.Context: android.graphics.drawable.Drawable getDrawable(int)>
1	<java.security.NoSuchAlgorithmException: java.lang.Throwable fillInStackTrace()>
1	<java.lang.ReflectiveOperationException: java.lang.String getLocalizedMessage()>
1	<com.samsungcard.shopping.ui.setting.noti.NotiActivity: android.app.FragmentManager getFragmentManager()>
1	<android.database.DatabaseUtils: long queryNumEntries(android.database.sqlite.SQLiteDatabase,java.lang.String)>
1	<android.app.Service: android.content.Context getApplicationContext()>
1	<android.nfc.cardemulation.HostApduService: void onDestroy()>
1	<java.lang.IllegalAccessException: java.lang.String toString()>
1	<com.liveperson.infra.d.e$a: android.database.sqlite.SQLiteDatabase getReadableDatabase()>
1	<android.widget.RemoteViews: android.widget.RemoteViews clone()>
1	<com.google.gson.JsonParseException: java.lang.String getMessage()>
1	<java.security.InvalidKeyException: java.lang.String getMessage()>
1	<android.os.BadParcelableException: java.lang.String toString()>
1	<com.mts.cert.MTSCertCopy: android.content.Context getApplicationContext()>
1	<hkhcelib.unloadActivity: android.content.Context getApplicationContext()>
1	<com.samsung.android.authfw.pass.sdk.PassUnsupportedException: java.lang.String getMessage()>
================ SINKS ================
4127	<android.util.Log: int d(java.lang.String,java.lang.String)>
3305	<android.util.Log: int v(java.lang.String,java.lang.String)>
2069	<android.util.Log: int w(java.lang.String,java.lang.String)>
1836	<android.util.Log: int e(java.lang.String,java.lang.String)>
1526	<android.util.Log: int i(java.lang.String,java.lang.String)>
1347	<android.util.Log: int e(java.lang.String,java.lang.String,java.lang.Throwable)>
726	<android.util.Log: int w(java.lang.String,java.lang.String,java.lang.Throwable)>
616	<java.io.PrintWriter: void print(java.lang.String)>
510	<java.security.MessageDigest: void update(byte[])>
368	<android.os.Parcel: void writeInterfaceToken(java.lang.String)>
357	<gnu.bytecode.ClassTypeWriter: void print(java.lang.String)>
318	<android.database.sqlite.SQLiteDatabase: void execSQL(java.lang.String)>
297	<gnu.lists.Consumer: void write(java.lang.String)>
282	<java.io.Writer: void write(java.lang.String)>
255	<android.widget.Toast: android.widget.Toast makeText(android.content.Context,java.lang.CharSequence,int)>
247	<android.util.Log: int println(int,java.lang.String,java.lang.String)>
229	<android.app.Activity: void startActivity(android.content.Intent)>
183	<android.database.sqlite.SQLiteDatabase: android.database.Cursor rawQuery(java.lang.String,java.lang.String[])>
167	<java.lang.Runtime: java.lang.Process exec(java.lang.String)>
160	<java.io.OutputStream: void write(byte[])>
154	<android.util.Log: int d(java.lang.String,java.lang.String,java.lang.Throwable)>
150	<android.app.Activity: void startActivityForResult(android.content.Intent,int)>
128	<java.util.logging.Logger: void log(java.util.logging.Level,java.lang.String,java.lang.Throwable)>
128	<android.database.sqlite.SQLiteDatabase: int update(java.lang.String,android.content.ContentValues,java.lang.String,java.lang.String[])>
126	<android.content.ContentResolver: java.io.InputStream openInputStream(android.net.Uri)>
105	<android.app.AlarmManager: void set(int,long,android.app.PendingIntent)>
104	<android.app.NotificationManager: void notify(java.lang.String,int,android.app.Notification)>
103	<android.app.Notification$Builder: android.app.Notification$Builder setCategory(java.lang.String)>
102	<android.app.Activity: void setResult(int,android.content.Intent)>
99	<java.lang.StringBuilder: java.lang.StringBuilder append(java.lang.CharSequence,int,int)>
90	<android.content.Context: void startActivity(android.content.Intent)>
90	<java.io.OutputStream: void write(int)>
87	<android.os.Message: android.os.Message obtain(android.os.Handler,java.lang.Runnable)>
84	<android.util.Log: int i(java.lang.String,java.lang.String,java.lang.Throwable)>
81	<java.lang.ClassLoader: java.io.InputStream getResourceAsStream(java.lang.String)>
80	<java.io.Writer: void write(int)>
77	<android.util.Log: int v(java.lang.String,java.lang.String,java.lang.Throwable)>
70	<java.lang.Runtime: java.lang.Process exec(java.lang.String[])>
69	<java.lang.StringBuilder: java.lang.StringBuilder insert(int,java.lang.String)>
65	<gnu.lists.PrintConsumer: void print(java.lang.Object)>
58	<android.app.Activity: boolean onMenuItemSelected(int,android.view.MenuItem)>
57	<java.io.DataOutputStream: void writeBytes(java.lang.String)>
52	<java.util.logging.Logger: void log(java.util.logging.Level,java.lang.String)>
51	<android.os.Bundle: void writeToParcel(android.os.Parcel,int)>
50	<android.content.ContentResolver: int update(android.net.Uri,android.content.ContentValues,java.lang.String,java.lang.String[])>
46	<java.io.BufferedWriter: void write(java.lang.String)>
43	<gnu.lists.PrintConsumer: void print(int)>
42	<java.util.concurrent.ScheduledExecutorService: void execute(java.lang.Runnable)>
42	<android.content.ContentResolver: android.net.Uri insert(android.net.Uri,android.content.ContentValues)>
40	<java.io.Writer: void write(char[])>
40	<gnu.bytecode.ClassTypeWriter: void print(java.lang.Object)>
40	<gnu.xml.XMLPrinter: void write(java.lang.String)>
40	<java.io.PrintWriter: void print(char)>
40	<java.lang.Runtime: java.lang.Process exec(java.lang.String[],java.lang.String[])>
39	<gnu.mapping.OutPort: void write(java.lang.String)>
37	<java.io.OutputStreamWriter: void write(java.lang.String)>
37	<java.io.Writer: void write(java.lang.String,int,int)>
34	<android.content.Context: void sendBroadcast(android.content.Intent)>
34	<androidx.activity.ComponentActivity: boolean onMenuItemSelected(int,android.view.MenuItem)>
33	<gnu.mapping.OutPort: void print(char)>
33	<gnu.bytecode.ClassTypeWriter: void print(int)>
30	<java.io.OutputStream: void write(byte[],int,int)>
30	<java.security.KeyStore: java.security.KeyStore$Entry getEntry(java.lang.String,java.security.KeyStore$ProtectionParameter)>
30	<java.util.concurrent.ScheduledThreadPoolExecutor: void execute(java.lang.Runnable)>
28	<gnu.bytecode.ClassTypeWriter: void print(char)>
24	<com.topimagesystems.controllers.imageanalyze.CameraController$CameraActivityHandler: void removeMessages(int)>
21	<android.os.Handler: void removeMessages(int)>
20	<java.lang.Class: java.lang.reflect.Constructor getConstructor(java.lang.Class[])>
19	<android.app.Activity: void startActivityForResult(android.content.Intent,int,android.os.Bundle)>
18	<java.lang.StringBuilder: java.lang.StringBuilder replace(int,int,java.lang.String)>
17	<java.net.URL: java.net.URLConnection openConnection()>
17	<android.app.Activity: void startIntentSenderForResult(android.content.IntentSender,int,android.content.Intent,int,int,int)>
16	<javax.crypto.Mac: void update(byte[])>
15	<android.app.AlarmManager: void setExact(int,long,android.app.PendingIntent)>
15	<javax.crypto.Cipher: void updateAAD(byte[])>
15	<java.util.logging.Logger: void warning(java.lang.String)>
14	<java.io.Writer: void write(char[],int,int)>
13	<java.io.PrintWriter: void print(int)>
13	<android.database.sqlite.SQLiteDatabase: void execSQL(java.lang.String,java.lang.Object[])>
13	<android.app.Activity: void startIntentSenderForResult(android.content.IntentSender,int,android.content.Intent,int,int,int,android.os.Bundle)>
13	<java.io.FileWriter: void write(java.lang.String)>
12	<android.os.AsyncTask: void execute(java.lang.Runnable)>
11	<android.app.AlarmManager: void setRepeating(int,long,long,android.app.PendingIntent)>
11	<android.os.Handler: android.os.Message obtainMessage(int)>
11	<java.lang.StringBuffer: java.lang.StringBuffer insert(int,char)>
11	<java.util.logging.Logger: void info(java.lang.String)>
11	<android.view.Window$Callback: boolean onMenuItemSelected(int,android.view.MenuItem)>
10	<androidx.activity.ComponentActivity: void startActivityForResult(android.content.Intent,int)>
10	<android.os.Messenger: void send(android.os.Message)>
10	<android.content.Context: java.io.File getDir(java.lang.String,int)>
9	<android.os.ResultReceiver: void send(int,android.os.Bundle)>
9	<android.telephony.SmsManager: void sendTextMessage(java.lang.String,java.lang.String,java.lang.String,android.app.PendingIntent,android.app.PendingIntent)>
9	<com.retro.retrobox.GameStartActivity: void startActivityForResult(android.content.Intent,int)>
9	<androidx.fragment.app.FragmentActivity: void startActivity(android.content.Intent)>
8	<android.telephony.SmsManager: void sendMultipartTextMessage(java.lang.String,java.lang.String,java.util.ArrayList,java.util.ArrayList,java.util.ArrayList)>
8	<androidx.core.app.ComponentActivity: void startActivityForResult(android.content.Intent,int)>
8	<com.mymateapps.fishing.Main: void startActivity(android.content.Intent)>
8	<java.util.logging.Logger: void fine(java.lang.String)>
8	<android.media.MediaScannerConnection: void scanFile(android.content.Context,java.lang.String[],java.lang.String[],android.media.MediaScannerConnection$OnScanCompletedListener)>
7	<java.io.FileOutputStream: void write(byte[])>
7	<android.content.Context: void sendBroadcast(android.content.Intent,java.lang.String)>
7	<java.util.logging.Logger: void config(java.lang.String)>
7	<java.util.concurrent.Executor: void execute(java.lang.Runnable)>
6	<android.location.LocationManager: void requestLocationUpdates(java.lang.String,long,float,android.location.LocationListener,android.os.Looper)>
6	<android.database.sqlite.SQLiteDatabase: int updateWithOnConflict(java.lang.String,android.content.ContentValues,java.lang.String,java.lang.String[],int)>
6	<java.io.DataOutputStream: void writeInt(int)>
5	<androidx.activity.ComponentActivity: void dump(java.lang.String,java.io.FileDescriptor,java.io.PrintWriter,java.lang.String[])>
5	<android.os.Parcelable: void writeToParcel(android.os.Parcel,int)>
5	<java.util.logging.Logger: void logp(java.util.logging.Level,java.lang.String,java.lang.String,java.lang.String)>
5	<org.xml.sax.ContentHandler: void characters(char[],int,int)>
5	<android.app.Activity: void sendBroadcast(android.content.Intent)>
5	<com.vpadn.widget.VpadnActivity: void startActivity(android.content.Intent)>
5	<androidx.fragment.app.FragmentActivity: void startActivityForResult(android.content.Intent,int)>
4	<com.appsgeyser.multiTabApp.MainNavigationActivity: void startActivity(android.content.Intent)>
4	<com.DogLeg.InstantLotto.MainActivity: void startActivity(android.content.Intent)>
4	<androidx.fragment.app.FragmentActivity: void setResult(int,android.content.Intent)>
4	<android.app.Activity: java.io.File getDir(java.lang.String,int)>
4	<java.io.StringWriter: void write(java.lang.String)>
4	<co.kitetech.diary.activity.TextSettingsActivity: void startActivityForResult(android.content.Intent,int)>
4	<com.appsgeyser.multiTabApp.ThemingActivity: void startActivity(android.content.Intent)>
4	<com.appsgeyser.multiTabApp.DownloadsListActivity: void startActivity(android.content.Intent)>
4	<com.retro.retrobox.GameStartActivity: void startActivity(android.content.Intent)>
4	<androidx.biometric.DeviceCredentialHandlerActivity: void startActivityForResult(android.content.Intent,int)>
4	<com.startapp.android.publish.ads.list3d.List3DActivity: void sendBroadcast(android.content.Intent)>
4	<com.microsoft.xal.browser.BrowserLaunchActivity: void startActivity(android.content.Intent)>
4	<io.intercom.android.sdk.ActivityLifecycleHandler: void removeMessages(int,java.lang.Object)>
4	<android.media.MediaMetadataRetriever: void setDataSource(android.media.MediaDataSource)>
3	<java.util.logging.Logger: void severe(java.lang.String)>
3	<com.tencent.gcloud.msdk.webview.WebViewActivity: java.io.File getDir(java.lang.String,int)>
3	<com.linecorp.linesdk.auth.internal.LineAuthenticationActivity: void startActivityForResult(android.content.Intent,int,android.os.Bundle)>
3	<callerid.callrecording.callmanager.MainActivity: void startActivity(android.content.Intent)>
3	<java.io.DataOutputStream: void writeUTF(java.lang.String)>
3	<com.lotusflare.datasensor.wifi.SmsConfirmActivity: void startActivity(android.content.Intent)>
3	<java.io.ByteArrayOutputStream: void write(byte[])>
3	<com.hexionic.fartsoundsringtones.FullscreenActivity: void sendBroadcast(android.content.Intent)>
3	<fr.ubordeaux.math.paridroid.PariActivity: void startActivity(android.content.Intent)>
3	<com.webank.facelight.ui.FaceProtocalActivity: java.io.File getDir(java.lang.String,int)>
3	<android.database.sqlite.SQLiteDatabase: android.database.Cursor rawQuery(java.lang.String,java.lang.String[],android.os.CancellationSignal)>
3	<co.kitetech.diary.activity.DiaryActivity: void startActivityForResult(android.content.Intent,int)>
3	<com.mymateapps.fishing.FishesList: void startActivity(android.content.Intent)>
3	<com.linecorp.linesdk.auth.internal.LineAuthenticationActivity: void startActivity(android.content.Intent,android.os.Bundle)>
3	<android.content.Context: void startActivity(android.content.Intent,android.os.Bundle)>
3	<java.lang.StringBuilder: java.lang.StringBuilder delete(int,int)>
3	<com.kica.kezc.sign.service.Service: void startActivityForResult(android.content.Intent,int)>
3	<com.inzisoft.ui.CameraPreviewActivity: void startActivityForResult(android.content.Intent,int)>
3	<o.Application: boolean onMenuItemSelected(int,android.view.MenuItem)>
3	<com.mts.cert.MTSCertCopy: void startActivityForResult(android.content.Intent,int)>
2	<com.tencent.connect.common.AssistActivity: void startActivityForResult(android.content.Intent,int)>
2	<android.app.Activity: void sendOrderedBroadcast(android.content.Intent,java.lang.String)>
2	<com.microsoft.xal.browser.BrowserLaunchActivity: void startActivityForResult(android.content.Intent,int)>
2	<com.callgate.launcher.fcc.FCCServicePopUp: void startActivity(android.content.Intent)>
2	<ru.ok.android.sdk.OkAuthActivity: void startActivityForResult(android.content.Intent,int)>
2	<kr.co.daou.isa.mtsmainframe.MainStartActivity: void startActivityForResult(android.content.Intent,int)>
2	<org.telegram.messenger.NotificationsService: void sendBroadcast(android.content.Intent)>
2	<com.mts.cert.MTSCertIssue: void startActivityForResult(android.content.Intent,int)>
2	<com.gaa.sdk.iap.ProxyActivity: void startIntentSenderForResult(android.content.IntentSender,int,android.content.Intent,int,int,int)>
2	<android.os.Handler: android.os.Message obtainMessage(int,int,int)>
2	<com.linecorp.linesdk.auth.internal.LineAuthenticationActivity: void startActivityForResult(android.content.Intent,int)>
2	<com.kiwoom.app.kiwoomaccount.mtsmainframe.MainStartActivity: void startActivityForResult(android.content.Intent,int)>
2	<androidx.core.app.ComponentActivity: boolean onMenuItemSelected(int,android.view.MenuItem)>
2	<c.s.m.a.csmatLTBA: void startActivityForResult(android.content.Intent,int)>
2	<com.tms.sdk.DefaultDialog: void sendBroadcast(android.content.Intent)>
2	<android.telephony.SmsManager: void sendMultimediaMessage(android.content.Context,android.net.Uri,java.lang.String,android.os.Bundle,android.app.PendingIntent)>
2	<com.pushio.manager.PushIOActivityLauncher: void sendOrderedBroadcast(android.content.Intent,java.lang.String)>
2	<callerid.callrecording.callmanager.PermActivity: void startActivity(android.content.Intent)>
2	<com.inzisoft.mobile.recogdemo.all.studio.ui.idcard.CameraPreviewActivity: void startActivityForResult(android.content.Intent,int)>
2	<com.gomfactory.adpie.sdk.videoads.VideoFullScreenActivity$8: void onSeekComplete(android.media.MediaPlayer)>
2	<java.io.DataOutputStream: void write(int)>
2	<android.app.AlarmManager: void setExactAndAllowWhileIdle(int,long,android.app.PendingIntent)>
2	<com.mts.cert.MTSCertMgmt: void startActivityForResult(android.content.Intent,int)>
2	<tw.idv.eg.android.myhealth.Chart9: void startActivityForResult(android.content.Intent,int)>
2	<com.callgate.launcher.view.LauncherWebView: void sendBroadcast(android.content.Intent)>
2	<com.retro.retrobox.MainActivity: void startActivity(android.content.Intent)>
2	<com.com2us.module.push.ShowMsgActivity: void startActivity(android.content.Intent)>
2	<android.content.Context: android.content.Intent registerReceiver(android.content.BroadcastReceiver,android.content.IntentFilter,java.lang.String,android.os.Handler)>
2	<com.mymateapps.fishing.Licence: void startActivity(android.content.Intent)>
2	<org.telegram.messenger.voip.VoIPService: void startActivity(android.content.Intent)>
2	<com.samsungcard.shopping.ui.ShpActivity: void startActivity(android.content.Intent)>
2	<co.kitetech.diary.activity.SettingsActivity: void startActivityForResult(android.content.Intent,int)>
2	<com.inmobi.ads.rendering.InMobiAdActivity: void startActivityForResult(android.content.Intent,int)>
2	<anywheresoftware.b4a.objects.FirebaseNotificationsService: void sendBroadcast(android.content.Intent)>
2	<com.callgate.launcher.view.LauncherWebView: void startActivity(android.content.Intent)>
2	<android.database.sqlite.SQLiteDatabase: long insert(java.lang.String,java.lang.String,android.content.ContentValues)>
2	<com.dell.z.UpdateActivity: void startActivity(android.content.Intent)>
2	<com.linecorp.linesdk.auth.internal.LineAuthenticationActivity: void startActivity(android.content.Intent)>
2	<com.mts.cert.MTSCertReissueStop: void startActivity(android.content.Intent)>
2	<com.neo1946.fpsmonitor.KayzingActivity: void startActivity(android.content.Intent)>
1	<o.Error: boolean onMenuItemSelected(int,android.view.MenuItem)>
1	<c.s.m.a.csmavSVRA: void startActivity(android.content.Intent)>
1	<android.app.Activity: void startActivities(android.content.Intent[])>
1	<android.preference.PreferenceActivity: void startActivity(android.content.Intent)>
1	<com.mpesa.home.ui.HomeActivity: void startActivity(android.content.Intent,android.os.Bundle)>
1	<air.mirchigames.at20rooms.AppEntry: void startActivity(android.content.Intent)>
1	<vpadn.aG$12$1: void onSeekComplete(android.media.MediaPlayer)>
1	<com.yuanta.helloyuanta.account.OpenAccountResultActivity: void startActivity(android.content.Intent)>
1	<com.lotusflare.datasensor.OverallUsageActivity: void startActivity(android.content.Intent)>
1	<com.hsbc.activities.HSBCActivity: void startActivity(android.content.Intent)>
1	<c.s.m.a.csmatTSKNRA: void startActivity(android.content.Intent)>
1	<c.s.m.a.csmaLAa: void startActivity(android.content.Intent)>
1	<air.com.masque.WorldClassCasino.AppEntry: void startActivity(android.content.Intent)>
1	<kr.co.daou.isa.view.chogi.Chogi_PopupView: void startActivity(android.content.Intent)>
1	<c.s.m.a.csmapPMIA: void startActivityForResult(android.content.Intent,int)>
1	<android.app.PendingIntent: android.app.PendingIntent getActivities(android.content.Context,int,android.content.Intent[],int,android.os.Bundle)>
1	<com.samsungcard.shopping.ui.login.LoginCertListActivity: void setResult(int,android.content.Intent)>
1	<air.com.gamblershome.magicroses.AppEntry: void startActivity(android.content.Intent)>
1	<c.s.m.a.csmaLA: void startActivityForResult(android.content.Intent,int)>
1	<com.guoxiaoxing.phoenix.picker.ui.BaseActivity: void startActivity(android.content.Intent)>
1	<java.io.FileOutputStream: void write(byte[],int,int)>
1	<com.duowan.kiwi.base.login.gamesdk.GameSdkLoginActivity: void sendBroadcast(android.content.Intent)>
1	<android.app.Application: void sendBroadcast(android.content.Intent)>
1	<com.hexionic.fartsoundsringtones.MainActivity: void startActivity(android.content.Intent)>
1	<android.app.Service: void startActivity(android.content.Intent)>
1	<air.odd1apps.BeautifulCountryHouseEscape.AppEntry: void startActivity(android.content.Intent)>
1	<bwebmedia.avatarcreator.AppEntry: void startActivity(android.content.Intent)>
1	<java.io.BufferedWriter: void newLine()>
1	<androidx.activity.ComponentActivity: void startActivityForResult(android.content.Intent,int,android.os.Bundle)>
1	<kr.co.daou.isa.view.sise.hyeonjaega.ISAAccountTran_PopupView: void startActivityForResult(android.content.Intent,int)>
1	<android.view.ViewGroup: void addView(android.view.View,android.view.ViewGroup$LayoutParams)>
1	<c.s.m.a.csmaDSAa: void startActivityForResult(android.content.Intent,int)>
1	<kr.co.samsungcard.mpocket.IntroActivity: void startActivity(android.content.Intent)>
1	<android.app.Application: void startActivity(android.content.Intent)>
1	<bwebmedia.worldbestcookingrecipes.AppEntry: void startActivity(android.content.Intent)>
1	<c.s.m.a.csmaiBSA: void startActivity(android.content.Intent)>
1	<o.setItems: boolean onMenuItemSelected(int,android.view.MenuItem)>
1	<android.app.Activity: void startActivity(android.content.Intent,android.os.Bundle)>
1	<air.FirstElemMathsP1.AppEntry: void startActivity(android.content.Intent)>
1	<c.s.m.a.csmasABA: void startActivityForResult(android.content.Intent,int)>
1	<app.uk.co.incase.medwaylaw.HomeActivity: void startActivity(android.content.Intent)>
1	<air.TTNG.EscapeGameA32.AppEntry: void startActivity(android.content.Intent)>
1	<c.s.m.a.csmaDNVA: void startActivity(android.content.Intent)>
1	<com.applovin.impl.adview.AppLovinVideoViewV2$8: void onSeekComplete(android.media.MediaPlayer)>
1	<air.com.gamblershome.champagne.AppEntry: void startActivity(android.content.Intent)>
1	<com.mymateapps.fishing.FishDetailPager: void startActivity(android.content.Intent)>
1	<c.s.m.a.csmaaAA: void startActivityForResult(android.content.Intent,int)>
1	<c.s.m.a.csmatTGRA: void startActivity(android.content.Intent)>
1	<com.cakedragonvpn.ultrasshservice.LaunchVpn: void startActivity(android.content.Intent)>
1	<acr.browser.lightning.activity.ReadingActivity: void startActivity(android.content.Intent)>
1	<o.NameAt: java.io.File getDir(java.lang.String,int)>
1	<android.app.AlarmManager: void setInexactRepeating(int,long,long,android.app.PendingIntent)>
1	<acr.browser.lightning.activity.ThemableBrowserActivity: void startActivity(android.content.Intent)>
1	<com.hsbc.activities.LaunchActivity: void startActivity(android.content.Intent)>
1	<co.kitetech.diary.activity.DiaryActivity: void startActivity(android.content.Intent)>
1	<com.hexionic.naturewallpapers.FullscreenActivity: void startActivity(android.content.Intent)>
1	<com.bugsee.library.RequestPermissionsActivity: void startActivityForResult(android.content.Intent,int)>
1	<com.cakedragonvpn.net.activities.ConfigImportFileActivity: void startActivity(android.content.Intent)>
1	<o.registerForActivityResult: boolean onMenuItemSelected(int,android.view.MenuItem)>
1	<android.os.ParcelFileDescriptor: android.os.ParcelFileDescriptor dup(java.io.FileDescriptor)>
1	<com.retro.retrobox.MainActivity: void startActivityForResult(android.content.Intent,int)>
1	<o.II: void startActivity(android.content.Intent)>
1	<com.retro.retrobox.MacroActivity: void startActivityForResult(android.content.Intent,int)>
1	<com.deltadna.android.sdk.ImageMessageActivity: void startActivity(android.content.Intent)>
1	<air.com.TTNG.escape58.rescue.doors.escape.rooms.adventure.AppEntry: void startActivity(android.content.Intent)>
1	<io.intercom.android.sdk.activities.IntercomNoteActivity: void startActivity(android.content.Intent)>
1	<com.naver.plug.cafe.ui.parent.plugfragment.activityresult.RequestActivity: void startActivityForResult(android.content.Intent,int)>
1	<android.media.MediaCodec: void configure(android.media.MediaFormat,android.view.Surface,android.media.MediaCrypto,int)>
1	<c.s.m.a.csmamDMA: void startActivity(android.content.Intent)>
1	<com.yy.open.activity.BridgeActivity: void startActivityForResult(android.content.Intent,int)>
1	<com.firebase.ui.auth.ui.InvisibleActivityBase: void setResult(int,android.content.Intent)>
1	<android.content.Context: void startActivities(android.content.Intent[],android.os.Bundle)>
1	<android.webkit.WebChromeClient: void onProgressChanged(android.webkit.WebView,int)>
1	<com.samsungcard.shopping.ui.ShpActivity: void setResult(int,android.content.Intent)>
1	<android.os.Handler: void removeMessages(int,java.lang.Object)>
1	<com.tms.sdk.DefaultDialog: void startActivity(android.content.Intent)>
1	<com.taskphoto.SplashActivity: void startActivity(android.content.Intent)>
1	<com.dejamobile.lclpaiementmobile.ui.activity.ChangePinActivity: void startActivity(android.content.Intent)>
1	<io.eliq.molndalenergi.AppEntry: void startActivity(android.content.Intent)>
1	<c.s.m.a.csmadDRA: void startActivity(android.content.Intent)>
1	<com.lotusflare.datasensor.HiddenQrScanActivity: void startActivityForResult(android.content.Intent,int)>
1	<fr.ubordeaux.math.paridroid.PariActivity: void startActivityForResult(android.content.Intent,int)>
1	<air.com.sarah.manzil.AppEntry: void startActivity(android.content.Intent)>
1	<com.chillingo.libterms.ui.TermsActivity: void startActivity(android.content.Intent)>
1	<android.util.Log: int e(java.lang.String,java.lang.String)>("centauriComm<Log>
1	<air.ru.crazypanda.blitzpoker.AppEntry: void startActivity(android.content.Intent)>
1	<com.duowan.kiwi.base.moment.activity.PublisherActivity$f: void removeMessages(int)>
1	<com.applovin.impl.adview.AppLovinVideoViewV2$9: void onSeekComplete(android.media.MediaPlayer)>
1	<air.com.KwalIt.KStore.AppEntry: void startActivity(android.content.Intent)>
1	<androidx.core.app.ComponentActivity: void dump(java.lang.String,java.io.FileDescriptor,java.io.PrintWriter,java.lang.String[])>
1	<java.lang.Runtime: java.lang.Process exec(java.lang.String,java.lang.String[])>
1	<air.LetsGoSleeping.AppEntry: void startActivity(android.content.Intent)>
1	<o.NameAt: void startActivity(android.content.Intent)>
1	<app.uk.co.incase.thomaslegal.HomeActivity: void startActivity(android.content.Intent)>
1	<java.io.DataOutputStream: void write(byte[])>
1	<android.database.DatabaseUtils: void cursorRowToContentValues(android.database.Cursor,android.content.ContentValues)>
1	<android.content.Context: void sendOrderedBroadcast(android.content.Intent,java.lang.String,android.content.BroadcastReceiver,android.os.Handler,int,java.lang.String,android.os.Bundle)>
1	<java.util.zip.GZIPOutputStream: void write(byte[],int,int)>
1	<co.kitetech.diary.activity.AttachmentsActivity: void startActivityForResult(android.content.Intent,int)>
1	<com.neo1946.fpsmonitor.KayzingActivity: void startActivityForResult(android.content.Intent,int)>
1	<air.com.spilgames.CatsEmpire.AppEntry: void startActivity(android.content.Intent)>
1	<java.io.PrintStream: void print(java.lang.String)>
1	<com.tencent.gcloud.msdk.webview.WebViewActivity: void startActivity(android.content.Intent)>
1	<co.kitetech.diary.activity.MainActivity: void startActivityForResult(android.content.Intent,int)>
1	<tw.idv.eg.android.myhealth.ChartC: void startActivityForResult(android.content.Intent,int)>
1	<com.apps2us.snake.swerve.io.AppEntry: void startActivity(android.content.Intent)>
1	<c.s.m.a.csmaqQRISS: void startActivityForResult(android.content.Intent,int)>
1	<com.samsungcard.shopping.web.HybridWebComm: void startActivity(android.content.Intent)>
1	<java.util.logging.LogRecord: void setParameters(java.lang.Object[])>
1	<androidx.activity.ComponentActivity: void startIntentSenderForResult(android.content.IntentSender,int,android.content.Intent,int,int,int,android.os.Bundle)>
1	<c.s.m.a.csmaaUPA: void startActivityForResult(android.content.Intent,int)>
1	<air.com.rodin.paris.vusiem.AppEntry: void startActivity(android.content.Intent)>
1	<c.s.m.a.csmatLKA: void startActivityForResult(android.content.Intent,int)>
1	<c.s.m.a.csmamqMQGQSA: void startActivity(android.content.Intent)>
1	<tw.idv.eg.android.myhealth.Menus: void startActivityForResult(android.content.Intent,int)>
1	<io.intercom.android.sdk.activities.IntercomPostActivity: void startActivity(android.content.Intent)>
1	<com.inzisoft.ui.CameraPreviewActivity: void setResult(int,android.content.Intent)>
1	<air.KidsStories.AppEntry: void startActivity(android.content.Intent)>
1	<com.onevcat.uniwebview.UniWebViewFileChooserActivity: void startActivityForResult(android.content.Intent,int)>
1	<com.mymateapps.fishing.FishDetailSinglePro: void startActivity(android.content.Intent)>
1	<android.util.Log: int i(java.lang.String,java.lang.String)>("=>
1	<android.net.LocalSocket: void setFileDescriptorsForSend(java.io.FileDescriptor[])>
1	<air.com.mastertacos.commande.AppEntry: void startActivity(android.content.Intent)>
1	<com.lotusflare.datasensor.AppUsageActivity: void startActivity(android.content.Intent)>
1	<air.com.technotal.shinobiwarfare.AppEntry: void startActivity(android.content.Intent)>
1	<android.preference.PreferenceActivity: void startActivityForResult(android.content.Intent,int)>
1	<com.firebase.ui.auth.ui.HelperActivityBase: void setResult(int,android.content.Intent)>
1	<com.mts.cert.MTSCertRegister: void startActivityForResult(android.content.Intent,int)>
1	<c.s.m.a.csmaLN: void startActivityForResult(android.content.Intent,int)>
1	<com.hexionic.fartsoundsringtones.FullscreenActivity: void startActivityForResult(android.content.Intent,int)>
1	<android.content.Context: boolean moveSharedPreferencesFrom(android.content.Context,java.lang.String)>
1	<com.cakedragonvpn.net.LauncherActivity: void startActivity(android.content.Intent)>
1	<o.LoadPemAsync$IconCompatParcelizer: void log(java.util.logging.Level,java.lang.String)>
1	<air.com.ticketingboxoffice.mobileapp.AppEntry: void startActivity(android.content.Intent)>
1	<air.manhwa.AppEntry: void startActivity(android.content.Intent)>
1	<o.FY: void startActivity(android.content.Intent)>
1	<java.io.PrintWriter: void write(java.lang.String)>
1	<java.io.PrintStream: void print(java.lang.Object)>
1	<c.s.m.a.csmaaAA: void startActivity(android.content.Intent)>
1	<io.card.payment.CardIOActivity: void startActivityForResult(android.content.Intent,int)>
1	<kr.co.daou.isa.view.sise.hyeonjaega.ISASangpumGangip_PopupView: void startActivityForResult(android.content.Intent,int)>
1	<org.ncsecu.mobile.EnrollmentActivity: void startActivity(android.content.Intent)>
1	<androidx.fragment.app.FragmentActivity: void startActivityForResult(android.content.Intent,int,android.os.Bundle)>
1	<air.simwebs.mobile.A25.AppEntry: void startActivity(android.content.Intent)>
1	<air.com.altamm.agames.mj13hk.AppEntry: void startActivity(android.content.Intent)>
1	<com.mymateapps.fishing.FishDetailSingle: void startActivity(android.content.Intent)>
1	<com.voxelbusters.nativeplugins.features.ui.UiActivity: void startActivity(android.content.Intent)>
1	<com.duowan.kiwi.simpleactivity.SplashActivity: void startActivity(android.content.Intent)>
1	<java.io.OutputStreamWriter: void write(java.lang.String)>("(echo -17 > /proc/$$/oom_adj) &>
1	<o.EnumConstantNotPresentException: boolean onMenuItemSelected(int,android.view.MenuItem)>
1	<o.eK: void startActivityForResult(android.content.Intent,int)>
1	<c.s.m.a.csmaBRA: void startActivity(android.content.Intent)>
1	<co.kitetech.diary.activity.MainActivity: void startActivity(android.content.Intent)>
1	<androidx.fragment.app.FragmentActivity: boolean onMenuItemSelected(int,android.view.MenuItem)>
1	<com.hexionic.fartsoundsringtones.FullscreenActivity: void startActivity(android.content.Intent)>
1	<com.kogan.deeplink.DeepLinkActivity: void startActivity(android.content.Intent)>
1	<air.odd1apps.EscapeGamesHighSchool.AppEntry: void startActivity(android.content.Intent)>
1	<app.uk.co.incase.thomaslegal.otp.ConfirmWitnessActivity: void startActivity(android.content.Intent)>
1	<android.app.Service: void sendBroadcast(android.content.Intent,java.lang.String)>
1	<c.s.m.a.csmappMPA: void startActivityForResult(android.content.Intent,int)>
1	<com.samsung.android.sdk.iap.lib.activity.PaymentActivity: void startActivityForResult(android.content.Intent,int)>
1	<com.yuanta.helloyuanta.common.BaseActivity: void startActivity(android.content.Intent)>
1	<android.app.AlarmManager: void setAndAllowWhileIdle(int,long,android.app.PendingIntent)>
1	<air.LearnJobsNamesEnglish.AppEntry: void startActivity(android.content.Intent)>
1	<com.hsbc.activities.LoadingActivity: void startActivity(android.content.Intent)>
1	<com.jwetherell.quick_response_code.DecoderActivityHandler: void removeMessages(int)>
1	<android.telephony.SmsManager: void downloadMultimediaMessage(android.content.Context,java.lang.String,android.net.Uri,android.os.Bundle,android.app.PendingIntent)>
1	<kr.co.daou.isa.view.chogi.PermissionCheckView: void startActivity(android.content.Intent)>
1	<android.content.Context: void startActivities(android.content.Intent[])>
1	<android.app.Activity: void dump(java.lang.String,java.io.FileDescriptor,java.io.PrintWriter,java.lang.String[])>
1	<android.app.Activity: android.content.Intent registerReceiver(android.content.BroadcastReceiver,android.content.IntentFilter,java.lang.String,android.os.Handler)>
1	<kr.co.daou.isa.view.brokerage.BrokerageMain_PopupView: void startActivity(android.content.Intent)>
1	<com.samsungcard.shopping.ui.ShpActivity: void sendBroadcast(android.content.Intent)>
1	<com.com2us.module.engagement.C2SModuleEngagementRedirectActivity: void startActivity(android.content.Intent)>
1	<com.designdecoratenewhouse.dollhouse.interiordesign.AppEntry: void startActivity(android.content.Intent)>
1	<c.s.m.a.csmaLN: void startActivity(android.content.Intent)>
1	<co.kitetech.diary.activity.SynchronizationActivity: void startActivityForResult(android.content.Intent,int)>
1	<air.TTNG.EscapeGameA35.AppEntry: void startActivity(android.content.Intent)>
1	<air.com.spilgames.trollfacequesthorror2.scary.adventure.AppEntry: void startActivity(android.content.Intent)>
1	<com.mts.cert.MTSCertIssue: void startActivity(android.content.Intent)>
1	<com.chillingo.ironforce.android.ajagplay.AppEntry: void startActivity(android.content.Intent)>
1	<air.hk.openknowledge.igen.AppEntry: void startActivity(android.content.Intent)>
1	<com.tencent.tmgp.cod.CODMPrivatePermissionActivity: void startActivity(android.content.Intent)>
1	<o.Application: void startActivityForResult(android.content.Intent,int,android.os.Bundle)>
1	<com.retro.retrobox.ExtControllerSettingActivity: void startActivityForResult(android.content.Intent,int)>
1	<com.dressupone.funmouthdoctor.AppEntry: void startActivity(android.content.Intent)>
1	<co.kitetech.diary.activity.SaveAsActivity: void startActivityForResult(android.content.Intent,int)>
1	<com.helpshift.support.activities.ParentActivity: void startActivity(android.content.Intent)>
1	<java.lang.Runtime: java.lang.Process exec(java.lang.String,java.lang.String[],java.io.File)>
1	<air.com.wowzers.clientapp.AppEntry: void startActivity(android.content.Intent)>
