We have 3410 sources and 1848 sinks
================ SOURCES ================
345	<android.content.res.Resources: android.util.DisplayMetrics getDisplayMetrics()>
338	<android.content.Context: android.content.Context getApplicationContext()>
265	<android.content.Context: java.lang.Object getSystemService(java.lang.String)>
262	<android.content.ContextWrapper: android.content.res.Resources getResources()>
261	<android.app.Activity: android.view.Window getWindow()>
256	<android.content.ContextWrapper: android.content.Context getBaseContext()>
173	<android.util.Log: java.lang.String getStackTraceString(java.lang.Throwable)>
151	<android.view.Window: android.view.Window$Callback getCallback()>
141	<android.app.Activity: java.lang.CharSequence getTitle()>
135	<android.app.Activity: android.content.Intent getParentActivityIntent()>
82	<android.content.Context: android.content.ContentResolver getContentResolver()>
59	<android.os.ParcelFileDescriptor: java.io.FileDescriptor getFileDescriptor()>
56	<android.content.Context: android.content.res.Resources getResources()>
39	<android.app.Activity: java.lang.Object getLastNonConfigurationInstance()>
33	<android.app.Activity: android.content.Intent getIntent()>
33	<android.content.Intent: android.net.Uri getData()>
29	<android.graphics.drawable.Drawable: android.graphics.drawable.Drawable$ConstantState getConstantState()>
29	<android.app.Activity: android.content.Context getApplicationContext()>
29	<android.telephony.SmsManager: android.telephony.SmsManager getDefault()>
27	<android.app.Dialog: android.view.Window getWindow()>
24	<android.graphics.drawable.Drawable: int getIntrinsicHeight()>
24	<android.graphics.drawable.Drawable: int getIntrinsicWidth()>
24	<android.app.Activity: android.app.Application getApplication()>
23	<androidx.fragment.app.FragmentActivity: android.content.res.Resources getResources()>
22	<android.content.Intent: android.os.Bundle getExtras()>
20	<android.app.Dialog: android.content.Context getContext()>
18	<android.app.Activity: android.content.res.Resources getResources()>
18	<android.view.MotionEvent: float getX()>
16	<android.view.MotionEvent: float getY()>
14	<android.app.Activity: android.view.LayoutInflater getLayoutInflater()>
13	<android.telephony.SmsManager: android.telephony.SmsManager getSmsManagerForSubscriptionId(int)>
12	<android.widget.HeaderViewListAdapter: android.widget.ListAdapter getWrappedAdapter()>
12	<android.content.res.AssetFileDescriptor: java.io.FileDescriptor getFileDescriptor()>
11	<androidx.fragment.app.FragmentActivity: java.lang.Object getLastNonConfigurationInstance()>
11	<android.content.res.AssetFileDescriptor: long getStartOffset()>
11	<android.content.Context: android.content.SharedPreferences getSharedPreferences(java.lang.String,int)>
11	<android.content.ComponentName: java.lang.String getPackageName()>
10	<androidx.activity.ComponentActivity: java.lang.Object getLastNonConfigurationInstance()>
10	<android.content.res.AssetFileDescriptor: long getLength()>
9	<android.widget.PopupWindow: android.graphics.drawable.Drawable getBackground()>
9	<android.app.Activity: android.app.ActionBar getActionBar()>
8	<android.content.Context: java.lang.String getPackageName()>
8	<android.media.AudioManager: int getStreamVolume(int)>
8	<android.location.Location: long getElapsedRealtimeNanos()>
8	<android.bluetooth.BluetoothManager: android.bluetooth.BluetoothAdapter getAdapter()>
8	<kr.co.deotis.wiseportal.library.service.WMService: android.content.SharedPreferences getSharedPreferences(java.lang.String,int)>
8	<android.app.PendingIntent: android.content.IntentSender getIntentSender()>
7	<android.database.sqlite.SQLiteDatabase: android.database.Cursor query(java.lang.String,java.lang.String[],java.lang.String,java.lang.String[],java.lang.String,java.lang.String,java.lang.String)>
7	<android.app.Activity: android.content.ContentResolver getContentResolver()>
7	<com.appsgeyser.multiTabApp.MainNavigationActivity: android.content.SharedPreferences getSharedPreferences(java.lang.String,int)>
7	<android.app.Application: java.lang.Object getSystemService(java.lang.String)>
7	<com.zipow.videobox.VideoBoxApplication: java.lang.Object getSystemService(java.lang.String)>
6	<android.telephony.TelephonyManager: java.lang.String getDeviceId()>
6	<android.telephony.SmsManager: java.util.ArrayList divideMessage(java.lang.String)>
6	<android.content.res.Resources: android.content.res.Configuration getConfiguration()>
6	<android.graphics.drawable.Drawable: android.graphics.drawable.Drawable$Callback getCallback()>
6	<android.os.Environment: java.io.File getExternalStorageDirectory()>
5	<android.os.Environment: java.io.File getExternalStoragePublicDirectory(java.lang.String)>
5	<com.hexionic.naturewallpapers.FullscreenActivity: android.content.ContentResolver getContentResolver()>
5	<com.geniatech.upgrade.UpgradeService: android.content.SharedPreferences getSharedPreferences(java.lang.String,int)>
4	<android.app.LocalActivityManager: java.lang.String getCurrentId()>
4	<com.appsgeyser.multiTabApp.MainNavigationActivity: android.content.Intent getIntent()>
4	<android.media.AudioManager: int getMode()>
4	<android.bluetooth.BluetoothAdapter: android.bluetooth.BluetoothAdapter getDefaultAdapter()>
4	<android.webkit.WebView$HitTestResult: java.lang.String getExtra()>
4	<android.app.Fragment: android.app.Activity getActivity()>
4	<android.location.Location: long getTime()>
4	<android.app.Service: java.lang.Object getSystemService(java.lang.String)>
4	<com.hsbc.activities.HSBCActivity: android.app.Application getApplication()>
3	<android.os.Looper: android.os.Looper getMainLooper()>
3	<com.hive.push.fcm.MessagingService: android.content.Context getBaseContext()>
3	<com.daishin.marketeye.MarketEyeChart: android.content.Context getBaseContext()>
3	<com.daishin.robo.RoBoActivity_V2: android.content.Context getBaseContext()>
3	<android.view.KeyEvent: long getEventTime()>
3	<io.presage.interstitial.ui.InterstitialActivity: android.app.Application getApplication()>
3	<com.daishin.chart.MultiChart: android.content.Intent getIntent()>
3	<android.content.ContextWrapper: android.content.ContentResolver getContentResolver()>
3	<kr.co.samsungcard.mpocket.view.activity.fax.TransmitFailActivity: android.content.Intent getIntent()>
3	<com.hive.promotion.PromotionWebVideoActivity: android.content.Intent getIntent()>
3	<android.content.ComponentName: java.lang.String getClassName()>
3	<android.content.ContextWrapper: java.lang.Object getSystemService(java.lang.String)>
3	<android.location.LocationManager: boolean isProviderEnabled(java.lang.String)>
3	<android.app.Activity: java.lang.String getPackageName()>
2	<kr.co.daou.isa.App: android.content.Context getApplicationContext()>
2	<kr.co.deotis.wiseportal.library.service.WMUpdateService: android.content.SharedPreferences getSharedPreferences(java.lang.String,int)>
2	<com.mts.cert.MTSCertLogon: android.content.Intent getIntent()>
2	<kr.co.minervasoft.lib.magicidr.activity.IDRCaptureActivity: android.content.Intent getIntent()>
2	<com.chillingo.libterms.ui.TermsActivity: android.content.Context getApplicationContext()>
2	<android.telephony.TelephonyManager: java.lang.String getLine1Number()>
2	<org.telegram.ui.ExternalActionActivity: android.content.Intent getIntent()>
2	<android.app.job.JobService: android.content.Context getApplicationContext()>
2	<android.content.ContextWrapper: java.lang.String getPackageName()>
2	<com.daishin.marketeye.MarketEyeChart: android.content.Intent getIntent()>
2	<com.daishin.currentprice.CurrentPrice: android.content.Intent getIntent()>
2	<android.media.AudioManager: boolean isWiredHeadsetOn()>
2	<com.paypal.android.sdk.payments.PaymentMethodActivity: android.content.Intent getIntent()>
2	<com.cakedragonvpn.ultrasshservice.CakeDragonV42Service: java.lang.Object getSystemService(java.lang.String)>
2	<android.bluetooth.BluetoothAdapter: android.bluetooth.le.BluetoothLeScanner getBluetoothLeScanner()>
2	<com.tapjoy.TJAdUnitActivity: android.content.Intent getIntent()>
2	<android.location.LocationManager: android.location.Location getLastKnownLocation(java.lang.String)>
2	<com.samsungcard.shopping.common.ShpApplication: java.lang.String getPackageName()>
2	<com.zipow.videobox.IntegrationActivity: android.content.Intent getIntent()>
2	<android.content.Intent: java.lang.String getAction()>
2	<com.softsecurity.transkey.TransKeyActivity: java.lang.String getPackageName()>
2	<android.app.Activity: android.content.Context getBaseContext()>
2	<android.view.ViewGroup: android.view.View getFocusedChild()>
2	<android.graphics.drawable.Drawable: android.graphics.drawable.Drawable getCurrent()>
2	<com.daishin.robo.RoBoWebViewActivity: android.content.Context getBaseContext()>
2	<o.r: java.lang.Object getLastNonConfigurationInstance()>
2	<android.service.notification.StatusBarNotification: java.lang.String getPackageName()>
2	<android.view.Window: android.view.WindowManager$LayoutParams getAttributes()>
2	<android.app.Application: java.io.File getFilesDir()>
2	<android.hardware.camera2.CameraManager: java.lang.String[] getCameraIdList()>
2	<android.location.Location: double getLatitude()>
2	<android.location.Location: double getLongitude()>
2	<com.daishin.creon.MainActivity: android.content.Intent getIntent()>
2	<com.daishin.infocall.InfoCall: android.content.Intent getIntent()>
2	<com.kiwoom.app.kiwoomaccount.App: android.content.Context getApplicationContext()>
1	<com.samsungcard.shopping.ui.ShpActivity: android.app.Application getApplication()>
1	<android.app.Application: android.content.ContentResolver getContentResolver()>
1	<android.net.TrafficStats: long getTotalRxBytes()>
1	<android.view.accessibility.AccessibilityNodeInfo: java.lang.CharSequence getText()>
1	<com.daishin.dxplatform.DXScriptActivity: android.view.Window getWindow()>
1	<com.hexionic.fartsoundsringtones.FullscreenActivity: android.content.ContentResolver getContentResolver()>
1	<android.content.Context: android.content.res.Resources$Theme getTheme()>
1	<android.app.Service: android.app.Application getApplication()>
1	<android.content.res.TypedArray: android.content.res.Resources getResources()>
1	<android.webkit.CookieManager: android.webkit.CookieManager getInstance()>
1	<android.net.NetworkInfo: java.lang.String getTypeName()>
1	<com.zipow.videobox.ConfActivity: android.content.Context getApplicationContext()>
1	<com.com2us.module.push.PushWakeLock: android.content.Context getApplicationContext()>
1	<android.content.Context: java.lang.ClassLoader getClassLoader()>
1	<com.tencent.tmgp.cod.CODMPrivatePermissionActivity: android.content.Intent getIntent()>
1	<android.view.accessibility.AccessibilityNodeInfo: android.view.accessibility.AccessibilityNodeInfo getLabeledBy()>
1	<o.G: android.content.Intent getIntent()>
1	<c.s.m.a.csmaaAA: android.content.Intent getIntent()>
1	<android.content.Intent: java.lang.String getType()>
1	<com.samsungcard.shopping.ui.MainActivity: android.content.Intent getIntent()>
1	<android.content.Intent: android.content.ComponentName getComponent()>
1	<android.content.res.TypedArray: java.lang.String getPositionDescription()>
1	<com.hsbc.activities.MapContainerList: android.content.Intent getIntent()>
1	<android.view.accessibility.AccessibilityNodeInfo: android.view.accessibility.AccessibilityNodeInfo getTraversalAfter()>
1	<com.daishin.appwidget.RefreshAppWidgetService: java.lang.Object getSystemService(java.lang.String)>
1	<android.app.Activity: android.app.Activity getParent()>
1	<android.app.Activity: android.app.FragmentManager getFragmentManager()>
1	<com.kogan.deeplink.DeepLinkActivity: android.content.Intent getIntent()>
1	<com.daishin.investinfo.ThemeAnalysisDetail: android.content.Intent getIntent()>
1	<com.daishin.balance.Balance: android.content.Context getBaseContext()>
1	<android.view.accessibility.AccessibilityNodeInfo: android.view.accessibility.AccessibilityNodeInfo getParent()>
1	<c.s.m.a.csmaBRA: android.content.ContentResolver getContentResolver()>
1	<com.voxelbusters.nativeplugins.features.ui.UiActivity: android.content.Intent getIntent()>
1	<kr.co.minervasoft.lib.magicidr.activity.IDRRepointActivity: android.content.Intent getIntent()>
1	<com.daishin.simplepassword.SimplePwdRegistConfirm: android.content.Context getBaseContext()>
1	<android.content.res.AssetFileDescriptor: long getDeclaredLength()>
1	<android.view.accessibility.AccessibilityNodeInfo: android.view.accessibility.AccessibilityNodeInfo getLabelFor()>
1	<android.content.Context: android.content.pm.PackageManager getPackageManager()>
1	<android.content.ContentProvider: android.content.Context getContext()>
1	<android.os.HandlerThread: android.os.Looper getLooper()>
1	<androidx.fragment.app.FragmentActivity: android.content.Intent getIntent()>
1	<android.view.AbsSavedState: android.os.Parcelable getSuperState()>
1	<android.telephony.TelephonyManager: java.lang.String getNetworkOperatorName()>
1	<com.vpadn.widget.VpadnActivity: android.content.res.Resources getResources()>
1	<com.com2us.module.mercury.MercuryWebVideoActivity: android.content.Intent getIntent()>
1	<android.widget.EditText: android.text.Editable getText()>
1	<android.net.TrafficStats: long getTotalTxBytes()>
1	<android.provider.Settings$Secure: java.lang.String getString(android.content.ContentResolver,java.lang.String)>
1	<android.app.LocalActivityManager: android.app.Activity getActivity(java.lang.String)>
1	<com.prime31.GPSLogin.LoginActivity: android.app.Activity getParent()>
1	<com.netease.ntunisdk.zxing.client.android.CaptureActivity: android.content.Context getApplicationContext()>
1	<android.view.accessibility.AccessibilityNodeInfo: android.view.accessibility.AccessibilityNodeInfo getTraversalBefore()>
1	<com.com2us.module.fcm.MessagingService: android.content.Context getApplicationContext()>
1	<com.badlogic.gdx.backends.android.AndroidApplication: android.content.SharedPreferences getSharedPreferences(java.lang.String,int)>
1	<android.content.Context: java.util.concurrent.Executor getMainExecutor()>
1	<android.app.Activity: android.view.MenuInflater getMenuInflater()>
1	<com.daishin.marketeye.MarketEyeLand: android.content.Context getBaseContext()>
1	<com.daishin.balance.BalanceLand: android.content.Context getBaseContext()>
1	<android.app.Application: java.io.File getCacheDir()>
1	<kr.co.samsungcard.mpocket.view.activity.common.ApcBaseActivity: android.content.Context getApplicationContext()>
1	<c.s.m.a.csmamqMQGQSA: android.content.ContentResolver getContentResolver()>
1	<android.net.NetworkInfo: java.lang.String getSubtypeName()>
1	<android.hardware.Camera$Parameters: android.hardware.Camera$Size getPreviewSize()>
1	<com.samsungcard.shopping.ui.setting.noti.NotiActivity: android.app.FragmentManager getFragmentManager()>
1	<com.daishin.marketeye.MarketEyeEdit: android.content.Context getBaseContext()>
1	<o.Error: android.content.res.Resources getResources()>
1	<android.content.ContextWrapper: android.content.res.Resources$Theme getTheme()>
1	<kd.yd: android.content.Context getContext()>
1	<com.duowan.kiwi.liveroom.ChannelPage: android.content.Intent getIntent()>
================ SINKS ================
290	<android.app.Activity: void startActivity(android.content.Intent)>
163	<androidx.appcompat.widget.ActionBarContextView: void sendAccessibilityEvent(int)>
136	<android.content.Context: void startActivity(android.content.Intent)>
121	<android.app.AlarmManager: void set(int,long,android.app.PendingIntent)>
119	<android.view.ViewGroup: void sendAccessibilityEvent(int)>
101	<android.app.AlarmManager: void setExact(int,long,android.app.PendingIntent)>
97	<android.app.Activity: void startActivityForResult(android.content.Intent,int)>
95	<android.app.Activity: void setResult(int,android.content.Intent)>
80	<android.content.Context: void sendBroadcast(android.content.Intent)>
62	<android.util.Log: int e(java.lang.String,java.lang.String)>
54	<android.content.ContentResolver: android.net.Uri insert(android.net.Uri,android.content.ContentValues)>
53	<android.graphics.Typeface$Builder: void <init>(java.io.FileDescriptor)>
45	<android.content.ContentResolver: int update(android.net.Uri,android.content.ContentValues,java.lang.String,java.lang.String[])>
25	<android.content.Context: void startActivities(android.content.Intent[])>
22	<android.app.AlarmManager: void setRepeating(int,long,long,android.app.PendingIntent)>
21	<android.content.Context: void startActivities(android.content.Intent[],android.os.Bundle)>
14	<android.view.View: void sendAccessibilityEvent(int)>
11	<android.media.MediaPlayer: void setDataSource(java.io.FileDescriptor,long,long)>
10	<androidx.core.app.ComponentActivity: void startActivityForResult(android.content.Intent,int)>
9	<java.net.URL: java.net.URLConnection openConnection()>
8	<androidx.activity.ComponentActivity: void dump(java.lang.String,java.io.FileDescriptor,java.io.PrintWriter,java.lang.String[])>
8	<androidx.core.app.ComponentActivity: void dump(java.lang.String,java.io.FileDescriptor,java.io.PrintWriter,java.lang.String[])>
8	<android.app.Activity: void dump(java.lang.String,java.io.FileDescriptor,java.io.PrintWriter,java.lang.String[])>
7	<android.telephony.SmsManager: void sendMultipartTextMessage(java.lang.String,java.lang.String,java.util.ArrayList,java.util.ArrayList,java.util.ArrayList)>
7	<android.telephony.SmsManager: void sendTextMessage(java.lang.String,java.lang.String,java.lang.String,android.app.PendingIntent,android.app.PendingIntent)>
6	<android.util.Log: int d(java.lang.String,java.lang.String)>
6	<android.app.Activity: void startIntentSenderForResult(android.content.IntentSender,int,android.content.Intent,int,int,int)>
5	<android.app.Application: void sendBroadcast(android.content.Intent)>
5	<android.app.Activity: void startActivityForResult(android.content.Intent,int,android.os.Bundle)>
5	<android.util.Log: int println(int,java.lang.String,java.lang.String)>
5	<com.appsgeyser.multiTabApp.MainNavigationActivity: void startActivity(android.content.Intent)>
5	<com.startapp.android.publish.ads.list3d.List3DActivity: void sendBroadcast(android.content.Intent)>
4	<android.os.Messenger: void send(android.os.Message)>
4	<android.graphics.BitmapFactory: android.graphics.Bitmap decodeFileDescriptor(java.io.FileDescriptor)>
4	<com.appsgeyser.multiTabApp.ThemingActivity: void startActivity(android.content.Intent)>
4	<android.app.Activity: void sendBroadcast(android.content.Intent)>
4	<android.content.Intent: int fillIn(android.content.Intent,int)>
4	<com.appnext.core.AdsService: void startActivity(android.content.Intent)>
4	<com.retro.retrobox.GameStartActivity: void startActivityForResult(android.content.Intent,int)>
4	<android.util.Log: int w(java.lang.String,java.lang.String)>
3	<android.app.AlarmManager: void setExactAndAllowWhileIdle(int,long,android.app.PendingIntent)>
3	<o.G: void setResult(int,android.content.Intent)>
3	<androidx.activity.ComponentActivity: void startActivityForResult(android.content.Intent,int)>
3	<com.vpadn.widget.VpadnActivity: void startActivity(android.content.Intent)>
3	<android.util.Log: int d(java.lang.String,java.lang.String,java.lang.Throwable)>
3	<o.aJ: void sendAccessibilityEvent(int)>
3	<android.app.AlarmManager: void setWindow(int,long,long,android.app.PendingIntent)>
3	<io.card.payment.CardIOActivity: void startActivityForResult(android.content.Intent,int)>
3	<androidx.fragment.app.FragmentActivity: void startActivity(android.content.Intent)>
3	<com.hexionic.fartsoundsringtones.FullscreenActivity: void sendBroadcast(android.content.Intent)>
3	<com.daishin.common.BaseActivity: void startActivity(android.content.Intent)>
3	<callerid.callrecording.callmanager.MainActivity: void startActivity(android.content.Intent)>
2	<com.inzisoft.ui.CameraPreviewActivity: void startActivityForResult(android.content.Intent,int)>
2	<pub.devrel.easypermissions.AppSettingsDialogHolderActivity: void setResult(int,android.content.Intent)>
2	<com.inzisoft.mobile.recogdemo.all.studio.ui.idcard.CameraPreviewActivity: void startActivityForResult(android.content.Intent,int)>
2	<org.telegram.ui.ActionBar.DrawerLayoutContainer: void sendAccessibilityEvent(int)>
2	<kr.co.samsungcard.mpocket.view.activity.common.ApcBaseActivity: void startActivity(android.content.Intent)>
2	<com.citrix.browser.downloadsui.DownloadList: void startManagingCursor(android.database.Cursor)>
2	<android.util.Log: int v(java.lang.String,java.lang.String)>
2	<android.app.AlarmManager: void setAndAllowWhileIdle(int,long,android.app.PendingIntent)>
2	<android.app.Activity: void startIntentSenderForResult(android.content.IntentSender,int,android.content.Intent,int,int,int,android.os.Bundle)>
2	<com.hexionic.fartsoundsringtones.FullscreenActivity: void startActivity(android.content.Intent)>
2	<com.kiwoom.app.kiwoomaccount.mtsmainframe.MainStartActivity: void startActivityForResult(android.content.Intent,int)>
2	<com.mts.cert.MTSCertLogon: void setResult(int,android.content.Intent)>
2	<android.content.Context: void startActivity(android.content.Intent,android.os.Bundle)>
2	<app.uk.co.incase.thomaslegal.HomeActivity: void startActivity(android.content.Intent)>
2	<android.util.Log: int i(java.lang.String,java.lang.String)>
2	<us.zoom.androidlib.widget.ZMTip: void sendAccessibilityEvent(int)>
2	<com.appsgeyser.multiTabApp.DownloadsListActivity: void startActivity(android.content.Intent)>
2	<android.app.AlarmManager: void setInexactRepeating(int,long,long,android.app.PendingIntent)>
2	<org.telegram.messenger.voip.VoIPService: void startActivity(android.content.Intent)>
2	<android.telephony.SmsManager: void sendMultimediaMessage(android.content.Context,android.net.Uri,java.lang.String,android.os.Bundle,android.app.PendingIntent)>
2	<com.kogan.MainActivity: void startActivity(android.content.Intent)>
2	<com.tapjoy.TJAdUnitActivity: void setResult(int,android.content.Intent)>
2	<com.callgate.launcher.view.LauncherWebView: void sendBroadcast(android.content.Intent)>
2	<o.qo: void startActivity(android.content.Intent)>
2	<android.os.ResultReceiver: void send(int,android.os.Bundle)>
2	<callerid.callrecording.callmanager.PermActivity: void startActivity(android.content.Intent)>
2	<com.tms.sdk.DefaultDialog: void sendBroadcast(android.content.Intent)>
2	<o.getOptionalIconsVisible: void sendAccessibilityEvent(int)>
2	<kr.co.deotis.wiseportal.library.service.WMService: void startActivity(android.content.Intent)>
2	<kr.co.minervasoft.lib.magicidr.activity.IDRCaptureActivity: void setResult(int,android.content.Intent)>
2	<com.retro.retrobox.MainActivity: void startActivity(android.content.Intent)>
2	<android.util.Log: int e(java.lang.String,java.lang.String,java.lang.Throwable)>
2	<com.callgate.launcher.view.LauncherWebView: void startActivity(android.content.Intent)>
2	<com.gaa.sdk.iap.ProxyActivity: void startIntentSenderForResult(android.content.IntentSender,int,android.content.Intent,int,int,int)>
2	<kr.co.daou.isa.mtsmainframe.MainStartActivity: void startActivityForResult(android.content.Intent,int)>
1	<kr.co.minervasoft.lib.magicidr.activity.IDRRepointActivity: void setResult(int,android.content.Intent)>
1	<acr.browser.lightning.activity.ThemableBrowserActivity: void startActivity(android.content.Intent)>
1	<kr.co.deotis.wiseportal.library.service.WMService: void sendBroadcast(android.content.Intent)>
1	<com.netease.onmyoji.NeoXWebViewActivity: void startActivity(android.content.Intent)>
1	<kr.co.deotis.wiseportal.library.service.WMUpdateService: void startActivity(android.content.Intent)>
1	<android.media.ExifInterface: void <init>(java.io.FileDescriptor)>
1	<com.firebase.ui.auth.ui.HelperActivityBase: void setResult(int,android.content.Intent)>
1	<android.app.Application: void startActivity(android.content.Intent)>
1	<com.daishin.currentprice.CurrentPrice: void startActivity(android.content.Intent)>
1	<app.uk.co.incase.thomaslegal.witness.WitnessDetailsActivity: void startActivity(android.content.Intent)>
1	<o.Error: void startActivityForResult(android.content.Intent,int,android.os.Bundle)>
1	<com.daishin.balance.BalanceLand: void startActivity(android.content.Intent)>
1	<com.cakedragonvpn.net.LauncherActivity: void startActivity(android.content.Intent)>
1	<androidx.appcompat.app.AppCompatActivity: void startActivity(android.content.Intent)>
1	<com.daishin.simplepassword.SimplePwdRegistConfirm: void startActivity(android.content.Intent)>
1	<com.hsbc.activities.LaunchActivity: void startActivity(android.content.Intent)>
1	<c.s.m.a.csmaiPAa: void startActivityForResult(android.content.Intent,int)>
1	<com.lotusflare.datasensor.HiddenQrScanActivity: void startActivityForResult(android.content.Intent,int)>
1	<app.uk.co.incase.thomaslegal.EnvironmentSwitcherActivity: void startActivity(android.content.Intent)>
1	<org.ncsecu.mobile.EnrollmentActivity: void startActivity(android.content.Intent)>
1	<com.voxelbusters.nativeplugins.features.sharing.SharingActivity: void startActivityForResult(android.content.Intent,int)>
1	<com.kogan.deeplink.DeepLinkActivity: void startActivity(android.content.Intent)>
1	<com.netease.ntunisdk.zxing.client.android.CaptureActivity: void startActivityForResult(android.content.Intent,int)>
1	<app.uk.co.incase.thomaslegal.DocumentChooseOptionsActivity: void startActivity(android.content.Intent)>
1	<tw.idv.eg.android.myhealth.Menus: void startActivityForResult(android.content.Intent,int)>
1	<com.cakedragonvpn.net.CakeDragonV42MainActivity: void startActivity(android.content.Intent)>
1	<com.netease.onmyoji.NeoXWebViewActivity: void sendBroadcast(android.content.Intent)>
1	<com.hsbc.activities.HSBCActivity: void startActivity(android.content.Intent)>
1	<androidx.activity.ComponentActivity: void startActivityForResult(android.content.Intent,int,android.os.Bundle)>
1	<androidx.activity.a: void startActivityForResult(android.content.Intent,int)>
1	<com.helpshift.support.activities.ParentActivity: void startActivity(android.content.Intent)>
1	<com.cakedragonvpn.net.activities.ConfigImportFileActivity: void startActivity(android.content.Intent)>
1	<android.app.PendingIntent: void send()>
1	<android.net.LocalSocket: void setFileDescriptorsForSend(java.io.FileDescriptor[])>
1	<android.app.Service: void startActivity(android.content.Intent)>
1	<io.intercom.android.sdk.activities.IntercomPostActivity: void startActivity(android.content.Intent)>
1	<com.daishin.marketeye.MarketEyeEdit: void startActivity(android.content.Intent)>
1	<com.hsbc.hsbcnet.HSBCNetMainBrowserActivity: void startActivity(android.content.Intent)>
1	<co.kitetech.diary.activity.MainActivity: void startActivity(android.content.Intent)>
1	<app.uk.co.incase.medwaylaw.HomeActivity: void startActivity(android.content.Intent)>
1	<com.daishin.hybridscreen.ManagementInvestor: void startActivity(android.content.Intent)>
1	<com.paypal.android.sdk.payments.PaymentMethodActivity: void startActivityForResult(android.content.Intent,int)>
1	<android.content.Context: void sendOrderedBroadcast(android.content.Intent,java.lang.String,android.content.BroadcastReceiver,android.os.Handler,int,java.lang.String,android.os.Bundle)>
1	<com.daishin.pubauth.CertOtherAgency: void startActivity(android.content.Intent)>
1	<com.voxelbusters.nativeplugins.features.ui.UiActivity: void startActivity(android.content.Intent)>
1	<o.??: void sendAccessibilityEvent(int)>
1	<com.hsbc.hsbcnet.features.landing.HSBCNativeMainBrowserActivity: void startActivity(android.content.Intent)>
1	<app.uk.co.incase.medwaylaw.LoginActivity: void startActivity(android.content.Intent)>
1	<android.graphics.drawable.BitmapDrawable: void <init>(android.content.res.Resources,java.io.InputStream)>
1	<co.kitetech.diary.activity.SynchronizationActivity: void startActivityForResult(android.content.Intent,int)>
1	<android.view.View$AccessibilityDelegate: void sendAccessibilityEvent(android.view.View,int)>
1	<com.retro.retrobox.MainActivity: void startActivityForResult(android.content.Intent,int)>
1	<com.daishin.marketeye.MarketEye: void startActivity(android.content.Intent)>
1	<com.tms.sdk.DefaultDialog: void startActivity(android.content.Intent)>
1	<com.microblink.activity.BaseScanActivity: void setResult(int,android.content.Intent)>
1	<com.inzisoft.ui.CameraPreviewActivity: void setResult(int,android.content.Intent)>
1	<com.samsungcard.shopping.ui.ShpActivity: void sendBroadcast(android.content.Intent)>
1	<o.EnumConstantNotPresentException: void startActivityForResult(android.content.Intent,int,android.os.Bundle)>
1	<o.Kb: void startActivity(android.content.Intent)>
1	<com.daishin.pubauth.PubAuthManageDetail: void startActivity(android.content.Intent)>
1	<com.daishin.balance.Balance: void startActivity(android.content.Intent)>
1	<android.widget.LinearLayout: void sendAccessibilityEvent(int)>
1	<com.daishin.orderStock.OrderStockMain: void startActivity(android.content.Intent)>
1	<co.kitetech.diary.activity.DiaryActivity: void startActivityForResult(android.content.Intent,int)>
1	<com.hexionic.fartsoundsringtones.FullscreenActivity: void startActivityForResult(android.content.Intent,int)>
1	<com.daishin.marketeye.MarketEyeLand: void startActivity(android.content.Intent)>
1	<androidx.fragment.app.FragmentActivity: void setResult(int,android.content.Intent)>
1	<o.Application: void startActivityForResult(android.content.Intent,int,android.os.Bundle)>
1	<o.Fb: void startActivity(android.content.Intent)>
1	<o.FY: void startActivity(android.content.Intent)>
1	<android.app.Fragment: void startActivityForResult(android.content.Intent,int,android.os.Bundle)>
1	<android.os.Message: void sendToTarget()>
1	<com.rsupport.rs.activity.edit.SettingActivity: void startActivity(android.content.Intent)>
1	<androidx.drawerlayout.widget.DrawerLayout: void sendAccessibilityEvent(int)>
1	<com.taskphoto.SplashActivity: void startActivity(android.content.Intent)>
1	<com.firebase.ui.auth.ui.InvisibleActivityBase: void setResult(int,android.content.Intent)>
1	<o.ND: void startActivity(android.content.Intent)>
1	<com.daishin.investinfo.ThemeAnalysisDetail: void startActivity(android.content.Intent)>
1	<c.s.m.a.csmaaAA: void startActivity(android.content.Intent)>
1	<android.app.Activity: void startActivities(android.content.Intent[],android.os.Bundle)>
1	<com.yuanta.helloyuanta.MainActivity: void startActivity(android.content.Intent)>
1	<o.Gh: void startActivity(android.content.Intent)>
1	<com.tencent.tmgp.cod.CODMPrivatePermissionActivity: void startActivity(android.content.Intent)>
1	<app.uk.co.incase.thomaslegal.SignatureCaptureActivity: void startActivity(android.content.Intent)>
1	<o.access$001: void dump(java.lang.String,java.io.FileDescriptor,java.io.PrintWriter,java.lang.String[])>
1	<o.NameAt: void startActivity(android.content.Intent)>
1	<com.cakedragonvpn.ultrasshservice.CakeDragonV42Service: void startActivity(android.content.Intent)>
1	<com.kogan.account.AddressListActivity: void startActivity(android.content.Intent)>
1	<com.cakedragonvpn.ultrasshservice.LaunchVpn: void startActivity(android.content.Intent)>
1	<com.samsungcard.shopping.ui.ShpActivity: void setResult(int,android.content.Intent)>
1	<com.hsbc.hsbcnet.HSBCNetHomeActivity: void startActivity(android.content.Intent)>
1	<o.Lg: void startActivity(android.content.Intent)>
1	<android.database.sqlite.SQLiteDatabase: long insert(java.lang.String,java.lang.String,android.content.ContentValues)>
1	<o.II: void startActivity(android.content.Intent)>
1	<com.samsungcard.shopping.ui.ShpActivity: void startActivity(android.content.Intent)>
1	<o.DimenRes: void sendAccessibilityEvent(int)>
1	<app.uk.co.incase.thomaslegal.otp.ConfirmWitnessActivity: void startActivity(android.content.Intent)>
1	<app.uk.co.incase.thomaslegal.ViewImageActivity: void startActivity(android.content.Intent)>
1	<c.s.m.a.csmatLTBA: void startActivityForResult(android.content.Intent,int)>
1	<k: void startActivity(android.content.Intent)>
1	<com.firebase.ui.auth.ui.email.WelcomeBackPasswordPrompt: void startActivity(android.content.Intent)>
1	<com.geniatech.upgrade.UpgradeService: void sendBroadcast(android.content.Intent)>
1	<com.hexionic.naturewallpapers.FullscreenActivity: void startActivity(android.content.Intent)>
1	<com.yuanta.helloyuanta.account.OpenAccountResultActivity: void startActivity(android.content.Intent)>
1	<co.kitetech.diary.activity.MainActivity: void startActivityForResult(android.content.Intent,int)>
1	<android.os.ParcelFileDescriptor: android.os.ParcelFileDescriptor dup(java.io.FileDescriptor)>
1	<androidx.appcompat.app.b: void startActivity(android.content.Intent)>
